========================================================================
READ_ASCII_FILE: unknown
READ_ASCII_FILE: File: input.nml
========================================================================
READ_INPUT_NML: unknown
READ_INPUT_NML: input.nml 
  &MOM_input_nml
          output_directory = '.',
          input_filename = 'n'
          restart_input_dir = 'INPUT',
          restart_output_dir = 'RESTART',
          parameter_filename = 'MOM_input',
                               'MOM_saltrestore',
                               'MOM_override'
 /
 
  &SIS_input_nml
         output_directory = './',
         input_filename = 'n'
         restart_input_dir = 'INPUT/',
         restart_output_dir = 'RESTART/',
         parameter_filename = 'SIS_input',
                              'SIS_override' /
 
  &atmos_model_nml
            layout = 0, 0
 /
 
  &coupler_nml
             months = 0,
             days   = 1,
             hours  = 0,
             current_date = 1900,1,1,0,0,0,
             calendar = 'NOLEAP',
             dt_cpld = 3600,
             dt_atmos = 3600,
             do_atmos = .false.,
             do_land = .false.,
             do_ice = .true.,
             do_ocean = .true.,
             do_flux = .true.,
             atmos_npes = 0,
             concurrent = .false.
             use_lag_fluxes=.false.
             check_stocks = 0
 /
 
  &diag_manager_nml
             max_axes = 100,
             max_files = 63,
             max_num_axis_sets = 100,
             max_input_fields = 699
             max_output_fields = 699
             mix_snapshot_average_fields=.false.
 /
 
  &flux_exchange_nml
             debug_stocks = .FALSE.
             divert_stocks_report = .TRUE.
             do_area_weighted_flux = .FALSE.
 /
 
  &fms_io_nml
             fms_netcdf_restart=.true.
             threading_read='multi'
             max_files_r = 200
             max_files_w = 200
             checksum_required = .false.
 /
 
  &fms_nml
             clock_grain='ROUTINE'
             clock_flags='NONE'
             domains_stack_size = 5000000
             stack_size =0
 /
 
  &ice_albedo_nml
             t_range = 10.
 /
 
  &ice_model_nml
 /
 
  &icebergs_nml
     verbose=.false.,
     verbose_hrs=24,
     traj_sample_hrs=24,
     debug=.false.,
     really_debug=.false.,
     use_slow_find=.true.,
     add_weight_to_ocean=.true.,
     passive_mode=.false.,
     generate_test_icebergs=.false.,
     speed_limit=0.,
     use_roundoff_fix=.true.,
     make_calving_reproduce=.true.,
  /
 
  &monin_obukhov_nml
             neutral = .true.
 /
 
  &ocean_albedo_nml
             ocean_albedo_option = 2
 /
 
  &ocean_rough_nml
             rough_scheme = 'beljaars'
 /
 
  &sat_vapor_pres_nml
             construct_table_wrt_liq = .true.
             construct_table_wrt_liq_and_ice = .true.
 /
 
  &surface_flux_nml
             ncar_ocean_flux = .true.
 	    raoult_sat_vap = .true.
 /
 
  &topography_nml
             topog_file = 'INPUT/navy_topography.data.nc'
 /
 
  &xgrid_nml
             make_exchange_reproduce = .false.
             interp_method = 'second_order'
 /
 
 

MPP module unknown
MPP started with NPES=     8
Using MPI library for message passing...
Realtime clock resolution=  1.0000E-09 sec ( 999999999 ticks/sec)
Clock rolls over after   9.2234E+09 sec ( 9223372036854775806 ticks)

MPP Parameter module unknown

MPP Data module unknown

MPP_DOMAINS module unknown
&MPP_IO_NML
 HEADER_BUFFER_VAL=16384      ,
 GLOBAL_FIELD_ON_ROOT_PE=T,
 IO_CLOCKS_ON=F,
 SHUFFLE=0          ,
 DEFLATE_LEVEL=-1         ,
 CF_COMPLIANCE=F,
 /

MPP_IO module unknown

Using netCDF library version 4.8.1 of Sep 29 2021 09:36:14 $

================================================================================
FMS_IO_MOD
unknown

================================================================================
FMS_MOD
unknown
&FMS_NML
 READ_ALL_PE=T,
 CLOCK_GRAIN="ROUTINE         ",
 CLOCK_FLAGS="NONE            ",
 WARNING_LEVEL="warning ",
 IOSPEC_IEEE32="-N ieee_32                                                      ",
 STACK_SIZE=0          ,
 DOMAINS_STACK_SIZE=5000000    ,
 PRINT_MEMORY_USAGE=F,
 /
 nml_error_codes=

================================================================================
CONSTANTS_MOD
unknown

================================================================================
$Id$
$Name$

================================================================================
TIME_MANAGER_MOD
unknown
&COUPLER_NML
 CURRENT_DATE=1900       , 2*1          , 3*0          ,
 CALENDAR="NOLEAP           ",
 FORCE_DATE_FROM_NAMELIST=T,
 MONTHS=0          ,
 DAYS=1          ,
 HOURS=0          ,
 MINUTES=0          ,
 SECONDS=0          ,
 DT_CPLD=3600       ,
 DT_ATMOS=3600       ,
 DO_ATMOS=F,
 DO_LAND=F,
 DO_ICE=T,
 DO_OCEAN=T,
 DO_FLUX=T,
 ATMOS_NPES=8          ,
 OCEAN_NPES=8          ,
 ICE_NPES=8          ,
 LAND_NPES=8          ,
 ATMOS_NTHREADS=1          ,
 OCEAN_NTHREADS=1          ,
 RADIATION_NTHREADS=1          ,
 CONCURRENT=F,
 DO_CONCURRENT_RADIATION=F,
 USE_LAG_FLUXES=F,
 CHECK_STOCKS=0          ,
 RESTART_INTERVAL= 6*0          ,
 DO_DEBUG=F,
 DO_CHKSUM=F,
 USE_HYPER_THREAD=F,
 NCORES_PER_NODE=0          ,
 DEBUG_AFFINITY=F,
 CONCURRENT_ICE=F,
 SLOW_ICE_WITH_OCEAN=F,
 DO_ENDPOINT_CHKSUM=T,
 COMBINED_ICE_AND_OCEAN=F,
 /
  current date used = 1900 January  1  0:00:00 gmt

================================================================================
DIAG_UTIL_MOD
unknown

================================================================================
DIAG_DATA_MOD
unknown

================================================================================
DIAG_MANAGER_MOD
unknown
&DIAG_MANAGER_NML
 APPEND_PELIST_NAME=F,
 MIX_SNAPSHOT_AVERAGE_FIELDS=F,
 MAX_OUTPUT_FIELDS=699        ,
 MAX_INPUT_FIELDS=699        ,
 MAX_AXES=100        ,
 DO_DIAG_FIELD_LOG=F,
 WRITE_BYTES_IN_FILE=F,
 DEBUG_DIAG_MANAGER=F,
 MAX_NUM_AXIS_SETS=100        ,
 MAX_FILES=63         ,
 USE_CMOR=F,
 ISSUE_OOR_WARNINGS=T,
 OOR_WARNINGS_FATAL=F,
 MAX_OUT_PER_IN_FIELD=150        ,
 FLUSH_NC_FILES=F,
 REGION_OUT_USE_ALT_VALUE=T,
 MAX_FIELD_ATTRIBUTES=4          ,
 MAX_FILE_ATTRIBUTES=2          ,
 MAX_AXIS_ATTRIBUTES=4          ,
 PREPEND_DATE=T,
 WRITE_MANIFEST_FILE=F,
 /
========================================================================
READ_ASCII_FILE: unknown
READ_ASCII_FILE: File: diag_table
base date used = 1900 January  1  0:00:00 gmt

================================================================================
DIAG_AXIS_MOD
unknown

================================================================================
TRACER_MANAGER_MOD
unknown

================================================================================
FIELD_MANAGER_MOD
unknown
# specific humidity for moist runs                                                                                                                                                                                                                                                                                                                                                                                                                                                                                                                                                                                                                                                                                                                                                                                                                                                                                                                                                                                                                              
 "TRACER", "atmos_mod", "sphum"                                                                                                                                                                                                                                                                                                                                                                                                                                                                                                                                                                                                                                                                                                                                                                                                                                                                                                                                                                                                                                 
##	   "profile_type", "fixed", "surface_value=3.e-6" /                                                                                                                                                                                                                                                                                                                                                                                                                                                                                                                                                                                                                                                                                                                                                                                                                                                                                                                                                                                                          
# prognostic cloud scheme tracers                                                                                                                                                                                                                                                                                                                                                                                                                                                                                                                                                                                                                                                                                                                                                                                                                                                                                                                                                                                                                               
  "TRACER", "atmos_mod", "liq_wat"                                                                                                                                                                                                                                                                                                                                                                                                                                                                                                                                                                                                                                                                                                                                                                                                                                                                                                                                                                                                                              
  "TRACER", "atmos_mod", "ice_wat"                                                                                                                                                                                                                                                                                                                                                                                                                                                                                                                                                                                                                                                                                                                                                                                                                                                                                                                                                                                                                              
  "TRACER", "atmos_mod", "cld_amt"                                                                                                                                                                                                                                                                                                                                                                                                                                                                                                                                                                                                                                                                                                                                                                                                                                                                                                                                                                                                                              
# sphum must be present on land as well                                                                                                                                                                                                                                                                                                                                                                                                                                                                                                                                                                                                                                                                                                                                                                                                                                                                                                                                                                                                                         
 "TRACER", "land_mod",     "sphum"                                                                                                                                                                                                                                                                                                                                                                                                                                                                                                                                                                                                                                                                                                                                                                                                                                                                                                                                                                                                                              
# test tracer for radon                                                                                                                                                                                                                                                                                                                                                                                                                                                                                                                                                                                                                                                                                                                                                                                                                                                                                                                                                                                                                                         
#                                                                                                                                                                                                                                                                                                                                                                                                                                                                                                                                                                                                                                                                                                                                                                                                                                                                                                                                                                                                                                                               
# "TRACER", "atmos_mod", "radon"                                                                                                                                                                                                                                                                                                                                                                                                                                                                                                                                                                                                                                                                                                                                                                                                                                                                                                                                                                                                                                
#           "longname",     "radon test tracer"                                                                                                                                                                                                                                                                                                                                                                                                                                                                                                                                                                                                                                                                                                                                                                                                                                                                                                                                                                                                                 
#           "units",        "kg/kg" /                                                                                                                                                                                                                                                                                                                                                                                                                                                                                                                                                                                                                                                                                                                                                                                                                                                                                                                                                                                                                           
###.................................................                                                                                                                                                                                                                                                                                                                                                                                                                                                                                                                                                                                                                                                                                                                                                                                                                                                                                                                                                                                                            
 ----------------------------------------------------
 Contents of tracer entry            1
 Model type and field name
 Model                :            1
 Field name           : sphum
 Tracer units         : kg/kg
 Tracer longname      : specific humidity
 Tracer is_prognostic :  T
 ----------------------------------------------------
 ----------------------------------------------------
 Contents of tracer entry            2
 Model type and field name
 Model                :            1
 Field name           : liq_wat
 Tracer units         : kg/kg
 Tracer longname      : cloud liquid specific humidity
 Tracer is_prognostic :  T
 ----------------------------------------------------
 ----------------------------------------------------
 Contents of tracer entry            3
 Model type and field name
 Model                :            1
 Field name           : ice_wat
 Tracer units         : kg/kg
 Tracer longname      : cloud ice water specific humidity
 Tracer is_prognostic :  T
 ----------------------------------------------------
 ----------------------------------------------------
 Contents of tracer entry            4
 Model type and field name
 Model                :            1
 Field name           : cld_amt
 Tracer units         : none
 Tracer longname      : cloud fraction
 Tracer is_prognostic :  T
 ----------------------------------------------------
Number of tracers in field table for atmospheric model =    4
Number of tracers in field table for oceanic model =    0
 ----------------------------------------------------
 Contents of tracer entry            5
 Model type and field name
 Model                :            3
 Field name           : sphum
 Tracer units         : kg/kg
 Tracer longname      : specific humidity
 Tracer is_prognostic :  T
 ----------------------------------------------------
Number of tracers in field table for land model =    1
Number of tracers in field table for ice model =    0
Number of tracers in field table for coupler model =    0

================================================================================
atmos_ocean_fluxes_mod
unknown

================================================================================
coupler_types_mod
unknown

atmos model domain decomposition:     2 X    4
   pe,   is,  ie,  js,  je,    isd, ied, jsd, jed

================================================================================
DIAG_INTEGRAL_MOD
unknown
&DIAG_INTEGRAL_NML
 OUTPUT_INTERVAL= -1.0000000000000000     ,
 TIME_UNITS="hours   ",
 FILE_NAME="                                                                ",
 PRINT_HEADER=T,
 FIELDS_PER_PRINT_LINE=4          ,
 /
&DATA_OVERRIDE_NML
 DEBUG_DATA_OVERRIDE=F,
 GRID_CENTER_BUG=F,
 /

================================================================================
HORIZ_INTERP_MOD
unknown
&HORIZ_INTERP_NML
 REPRODUCE_SIENA=F,
 /

================================================================================
HORIZ_INTERP_CONSERVE_MOD
unknown

================================================================================
HORIZ_INTERP_BILINEAR_MOD
unknown

================================================================================
HORIZ_INTERP_BICUBIC_MOD
unknown

================================================================================
horiz_interp_spherical_mod
unknown

================================================================================
DATA_OVERRIDE_MOD
unknown

================================================================================
TIME_INTERP_EXTERNAL_MOD
unknown
&TIME_INTERP_EXTERNAL_NML
 NUM_IO_BUFFERS=2          ,
 DEBUG_THIS_MODULE=F,
 MAX_FIELDS=100        ,
 MAX_FILES=40         ,
 /

================================================================================
TIME_INTERP_MOD
unknown
&TIME_INTERP_NML
 PERTHLIKE_BEHAVIOR=F,
 /

================================================================================
$Id$
$Name$

land model domain decomposition:     2 X    4
   pe,   is,  ie,  js,  je,    isd, ied, jsd, jed
&DATA_OVERRIDE_NML
 DEBUG_DATA_OVERRIDE=F,
 GRID_CENTER_BUG=F,
 /
ice_model: unknown
MOM_unit_scaling: unknown
  MOM_unit_scaling Z_RESCALE_POWER: 0
  MOM_unit_scaling L_RESCALE_POWER: 0
  MOM_unit_scaling T_RESCALE_POWER: 0
  MOM_unit_scaling R_RESCALE_POWER: 0
  MOM_unit_scaling Q_RESCALE_POWER: 0
  MOM_unit_scaling C_RESCALE_POWER: 0
  MOM_unit_scaling S_RESCALE_POWER: 0
  ice_model SPECIFIED_ICE: False
  ice_model CGRID_ICE_DYNAMICS: True
  ice_model USE_SLAB_ICE: False
  ice_model SINGLE_ICE_STATE_TYPE: True
  ice_model EULERIAN_TSURF: True
  ice_model ICE_OCEAN_STRESS_STAGGER: C
  ice_model RHO_OCEAN: 1030.0
  ice_model RHO_ICE: 905.0
  ice_model RHO_SNOW: 330.0
  ice_model G_EARTH: 9.8
  ice_model MOMENTUM_ROUGH_ICE: 1.0E-04
  ice_model HEAT_ROUGH_ICE: 1.0E-04
  ice_model CONSTANT_COSZEN_IC: 0.0
  ice_model DT_RADIATION: 3600.0
  ice_model ICE_KMELT: 240.0
  ice_model ICE_BOUNDS_CHECK: True
  ice_model DEBUG: False
  ice_model DEBUG_SLOW_ICE: False
  ice_model DEBUG_FAST_ICE: False
  ice_model GLOBAL_INDEXING: False
  ice_model FIRST_DIRECTION: 0
  ice_model ICE_SEES_ATMOS_WINDS: True
  ice_model APPLY_SLP_TO_OCEAN: False
  ice_model PASS_STRESS_MAG_TO_OCEAN: False
  ice_model DO_ICEBERGS: True
  ice_model PASS_ICEBERG_AREA_TO_OCEAN: False
  ice_model ADD_DIURNAL_SW: True
  ice_model DO_SUN_ANGLE_FOR_ALB: False
  ice_model DO_RIDGING: False
  ice_model RESTARTFILE: ice_model.res.nc
  ice_model FAST_ICE_RESTARTFILE: ice_model.res.nc
  ice_model APPLY_MASKS_AFTER_RESTART: True
  MOM WRITE_GEOM: 1
  MOM INTERPOLATE_FLUXES: True
  MOM REDO_FAST_ICE_UPDATE: False
  ice_model READ_HLIM_VALS: False
SIS_debugging: unknown
  SIS_debugging DEBUG: False
  SIS_debugging DEBUG_CHKSUMS: False
  SIS_debugging DEBUG_REDUNDANT: False
MOM_checksums: unknown
ice_grid: unknown
  ice_grid NCAT_ICE: 5
  ice_grid NK_ICE: 4
  ice_grid NK_SNOW: 1
  ice_grid MIN_OCEAN_PARTSIZE: 0.0
MOM_domains: unknown
  MOM_domains REENTRANT_X: True
  MOM_domains REENTRANT_Y: False
  MOM_domains TRIPOLAR_N: True
  MOM_domains !SYMMETRIC_MEMORY_: True
  MOM_domains NONBLOCKING_UPDATES: False
  MOM_domains THIN_HALO_UPDATES: True
  MOM_domains !STATIC_MEMORY_: False
  MOM_domains NIGLOBAL: 720
  MOM_domains NJGLOBAL: 576
  MOM_domains NIHALO: 4
  MOM_domains NJHALO: 4
  MOM_domains AUTO_MASKTABLE: False
  MOM_domains MASKTABLE: MOM_mask_table
  MOM_domains NIPROC: 2
  MOM_domains NJPROC: 4
  MOM_domains LAYOUT: 2, 4
  MOM_domains IO_LAYOUT: 1, 1

ice model domain decomposition:     2 X    4
   pe,   is,  ie,  js,  je,    isd, ied, jsd, jed

ice modelc domain decomposition:     2 X    4
   pe,   is,  ie,  js,  je,    isd, ied, jsd, jed
MOM_hor_index: unknown

ice model domain decomposition:     2 X    4
   pe,   is,  ie,  js,  je,    isd, ied, jsd, jed

ice model domain decomposition:     2 X    4
   pe,   is,  ie,  js,  je,    isd, ied, jsd, jed
SIS_restart: unknown
  SIS_restart PARALLEL_RESTARTFILES: False
  SIS_restart MAX_FIELDS: 100
  SIS_restart RESTART_CHECKSUMS_REQUIRED: True
SIS_initialize_fixed: unknown
  SIS_initialize_fixed DEBUG: False
  SIS_initialize_fixed DEBUG_SLOW_ICE: False
  SIS_initialize_fixed INPUTDIR: INPUT
MOM_grid_init: unknown
  MOM_grid_init GRID_CONFIG: mosaic
  MOM_grid_init DEBUG: False
  MOM_grid_init set_grid_metrics_from_mosaic GRID_FILE: ocean_hgrid.nc
  MOM_grid_init set_grid_metrics_from_mosaic USE_TRIPOLAR_GEOLONB_BUG: True
  MOM_grid_init set_grid_metrics_from_mosaic INPUTDIR: INPUT
  MOM_grid_init set_grid_metrics_from_mosaic INPUTDIR/GRID_FILE: INPUT/ocean_hgrid.nc

MOM_MOSAIC domain decomposition:     2 X    4
   pe,   is,  ie,  js,  je,    isd, ied, jsd, jed

MOM_MOSAIC domain decomposition:     2 X    4
   pe,   is,  ie,  js,  je,    isd, ied, jsd, jed
  MOM_grid_init RAD_EARTH: 6.378E+06
  SIS_initialize_topography TOPO_CONFIG: file
  initialize_topography_from_file INPUTDIR: INPUT
  initialize_topography_from_file TOPO_FILE: topog.nc
  initialize_topography_from_file TOPO_VARNAME: depth
  initialize_topography_from_file INPUTDIR/TOPO_FILE: INPUT/topog.nc
  apply_topography_edits_from_file INPUTDIR: INPUT
  apply_topography_edits_from_file TOPO_EDITS_FILE:
  apply_topography_edits_from_file ALLOW_LANDMASK_CHANGES: False
  apply_topography_edits_from_file MINIMUM_DEPTH: 0.0
  apply_topography_edits_from_file MASKING_DEPTH: -9999.0
  SIS_initialize_topography !MAXIMUM_DEPTH: 8799.6513671875
  limit_topography MINIMUM_DEPTH: 0.0
  MOM_grid_init initialize_masks MINIMUM_DEPTH: 0.0
  MOM_grid_init initialize_masks MASKING_DEPTH: -9999.0
SIS_open_boundary: unknown
  SIS_open_boundary OBC_NUMBER_OF_SEGMENTS: 0
  SIS_initialize_fixed CHANNEL_CONFIG: none
  MOM_initialize_rotation ROTATION: 2omegasinlat
  set_rotation_planetary OMEGA: 7.292E-05
  initialize_grid_rotation_angle GRID_ROTATION_ANGLE_BUGS: True
  write_ocean_geometry_file PARALLEL_RESTARTFILES: False

ice model domain decomposition:     2 X    4
   pe,   is,  ie,  js,  je,    isd, ied, jsd, jed

ice model domain decomposition:     2 X    4
   pe,   is,  ie,  js,  je,    isd, ied, jsd, jed
hor_grid: unknown
  hor_grid NIBLOCK: 1
  hor_grid NJBLOCK: 1
MOM_hor_index: unknown
  SIS_diag_mediator SIS_AVAILABLE_DIAGS_FILE: SIS.available_diags
SIS_diag_mediator: unknown
  SIS_diag_mediator GRID_CONFIG: mosaic
SIS2_ice_thm (thermo): unknown
  SIS2_ice_thm (thermo) LATENT_HEAT_FUSION: 3.34E+05
  SIS2_ice_thm (thermo) LATENT_HEAT_VAPOR: 2.5E+06
  SIS2_ice_thm (thermo) RHO_OCEAN: 1030.0
  SIS2_ice_thm (thermo) RHO_ICE: 905.0
  SIS2_ice_thm (thermo) RHO_SNOW: 330.0
  SIS2_ice_thm (thermo) CP_ICE: 2100.0
  SIS2_ice_thm (thermo) CP_SEAWATER: 4200.0
  SIS2_ice_thm (thermo) CP_BRINE: 2100.0
  SIS2_ice_thm (thermo) DTFREEZE_DS: -0.054
  SIS2_ice_thm (thermo) ENTHALPY_LIQUID_0: 0.0
  SIS2_ice_thm (thermo) SUBLIMATION_BUG: False
  SIS2_ice_thm (thermo) SPECIFIED_ICE: False
  SIS2_ice_thm (thermo) USE_SLAB_ICE: False
SIS_tracer_registry: unknown
SIS_tracer_flow_control: unknown
  SIS_tracer_flow_control USE_ICE_AGE_TRACER: False

ice model aux domain decomposition:     2 X    4
   pe,   is,  ie,  js,  je,    isd, ied, jsd, jed

ice model aux domain decomposition:     2 X    4
   pe,   is,  ie,  js,  je,    isd, ied, jsd, jed

ice_nohalo domain decomposition:     2 X    4
   pe,   is,  ie,  js,  je,    isd, ied, jsd, jed
ice_grid: unknown
  ice_grid NCAT_ICE: 5
  ice_grid NK_ICE: 4
  ice_grid NK_SNOW: 1
  ice_grid MIN_OCEAN_PARTSIZE: 0.0
  SIS_diag_mediator SIS_FAST_AVAILABLE_DIAGS_FILE: SIS_fast.available_diags
SIS_diag_mediator: unknown
  SIS_diag_mediator GRID_CONFIG: mosaic

ice_nohalo domain decomposition:     2 X    4
   pe,   is,  ie,  js,  je,    isd, ied, jsd, jed
  SIS_state_initialization CONCENTRATION_INIT_CONFIG: data_override
  SIS_state_initialization ICE_THICKNESS_INIT_CONFIG: data_override
  SIS_state_initialization SNOW_THICKNESS_INIT_CONFIG: data_override
&DATA_OVERRIDE_NML
 DEBUG_DATA_OVERRIDE=F,
 GRID_CENTER_BUG=F,
 /
&DATA_OVERRIDE_NML
 DEBUG_DATA_OVERRIDE=F,
 GRID_CENTER_BUG=F,
 /
  SIS_state_initialization ICE_SALINITY_INIT_CONFIG: uniform
  SIS_state_initialization ICE_ENTHALPY_INIT_CONFIG: uniform_temp
  SIS_state_initialization SNOW_ENTHALPY_INIT_CONFIG: uniform_temp
  SIS_state_initialization ICE_SALINITY_IC: 0.0
  SIS_state_initialization ICE_TEMPERATURE_IC: -4.0
  SIS_state_initialization ICE_TEMPERATURE_IC: -4.0
SIS_slow_thermo: unknown
  SIS_slow_thermo SPECIFIED_ICE: False
  SIS_slow_thermo DO_RIDGING: False
  SIS_slow_thermo ICE_BULK_SALINITY: 0.0
  SIS_slow_thermo ICE_RELATIVE_SALINITY: 0.1
  SIS_slow_thermo SIS2_FILLING_FRAZIL: False
  SIS_slow_thermo APPLY_ICE_LIMIT: False
  SIS_slow_thermo DO_ICE_RESTORE: False
  SIS_slow_thermo NUDGE_SEA_ICE: False
  SIS_slow_thermo TRANSMUTE_SEA_ICE: False
  SIS_slow_thermo DEBUG: False
  SIS_slow_thermo DEBUG_SLOW_ICE: False
  SIS_slow_thermo COLUMN_CHECK: False
  SIS_slow_thermo IMBALANCE_TOLERANCE: 1.0E-09
  SIS_slow_thermo ICE_BOUNDS_CHECK: True
SIS2_ice_thm (updates): unknown
  SIS2_ice_thm (updates) SNOW_CONDUCTIVITY: 0.31
  SIS2_ice_thm (updates) ICE_CONDUCTIVITY: 2.03
  SIS2_ice_thm (updates) MIN_H_FOR_TEMP_CALC: 0.0
  SIS2_ice_thm (updates) DO_POND: False
  SIS2_ice_thm (updates) TDRAIN: -0.8
  SIS2_ice_thm (updates) R_MIN_POND: 0.15
  SIS2_ice_thm (updates) R_MAX_POND: 0.9
  SIS2_ice_thm (updates) MIN_POND_FRAC: 0.2
  SIS2_ice_thm (updates) MAX_POND_FRAC: 0.5
  SIS2_ice_thm (updates) ICE_TEMP_RANGE_ESTIMATE: 40.0
SIS_dyn_trans: unknown
  SIS_dyn_trans CGRID_ICE_DYNAMICS: True
  SIS_dyn_trans DT_ICE_DYNAMICS: 1200.0
  SIS_dyn_trans MERGED_CONTINUITY: False
  SIS_dyn_trans DO_RIDGING: False
  SIS_dyn_trans NSTEPS_ADV: 1
  SIS_dyn_trans ICEBERG_WINDSTRESS_BUG: True
  SIS_dyn_trans WARSAW_SUM_ORDER: True
  SIS_dyn_trans TIMEUNIT: 8.64E+04
  SIS_dyn_trans ICE_STATS_INTERVAL (Time): 0:21600
  SIS_dyn_trans DEBUG: False
  SIS_dyn_trans DEBUG_SLOW_ICE: False
  SIS_dyn_trans COLUMN_CHECK: False
  SIS_dyn_trans IMBALANCE_TOLERANCE: 1.0E-09
  SIS_dyn_trans ICE_BOUNDS_CHECK: True
  SIS_dyn_trans VERBOSE: False
SIS_C_dyn: unknown
  SIS_C_dyn DT_RHEOLOGY: 50.0
  SIS_C_dyn ICE_TDAMP_ELASTIC: -0.2
  SIS_C_dyn WEAK_LOW_SHEAR_ICE: False
  SIS_C_dyn PROJECT_ICE_DRAG_VEL: True
  SIS_C_dyn ICE_YIELD_ELLIPTICITY: 2.0
  SIS_C_dyn ICE_STRENGTH_PSTAR: 2.75E+04
  SIS_C_dyn ICE_STRENGTH_CSTAR: 20.0
  SIS_C_dyn ICE_CDRAG_WATER: 0.00324
  SIS_C_dyn MIN_OCN_INTERTIAL_H: 2.0
  SIS_C_dyn ICE_DEL_SH_MIN_SCALE: 2.0
  SIS_C_dyn PROJECT_ICE_CONCENTRATION: True
  SIS_C_dyn RHO_OCEAN: 1030.0
  SIS_C_dyn RHO_ICE: 905.0
  SIS_C_dyn VEL_UNDERFLOW: 0.0
  SIS_C_dyn STRESS_UNDERFLOW: 0.0
  SIS_C_dyn CFL_TRUNCATE: 0.5
  SIS_C_dyn CFL_TRUNC_DYN_ITS: False
  SIS_C_dyn DEBUG: False
  SIS_C_dyn DEBUG_SLOW_ICE: False
  SIS_C_dyn DEBUG_EVP_SUBSTEPS: False
  SIS_C_dyn DEBUG_REDUNDANT: False
  SIS_C_dyn U_TRUNC_FILE:
  SIS_C_dyn V_TRUNC_FILE:
  SIS_C_dyn MAX_TRUNC_FILE_SIZE_PER_PE: 50
  SIS_C_dyn LEMIEUX_LANDFAST: False
  SIS_C_dyn ITD_LANDFAST: False
SIS_transport: unknown
  SIS_transport RECATEGORIZE_ICE: True
  SIS_transport RHO_ICE: 905.0
  SIS_transport SEA_ICE_ROLL_FACTOR: 1.0
  SIS_transport ICE_COVER_DISCARD: -1.0
  SIS_transport CHECK_ICE_TRANSPORT_CONSERVATION: False
  SIS_transport DO_RIDGING: False
  SIS_transport SIS_THICKNESS_ADVECTION_SCHEME: PCM
  SIS_transport ICE_BOUNDS_CHECK: True
  SIS_transport INCONSISTENT_COVER_BUG: True
SIS_continuity: unknown
  SIS_continuity SIS_CONTINUITY_SCHEME: PCM
  SIS_continuity CONT_PPM_VOLUME_BASED_CFL: False
  SIS_continuity CONTINUITY_H_NEGLECT: 0.0
  SIS_continuity CONTINUITY_FRAC_NEGLECT: 0.0
SIS_tracer_advect: unknown
  SIS_tracer_advect DEBUG: False
  SIS_tracer_advect DEBUG_SLOW_ICE: False
  SIS_tracer_advect SIS_TRACER_ADVECTION_SCHEME: PPM:H3
  SIS_tracer_advect CFL_MASS_NEGLECT_BUG: True
  SIS_tracer_advect ADCROFT_ADVECTIVE_CFL: False
  SIS_tracer_advect DEBUG: False
  SIS_tracer_advect DEBUG_SLOW_ICE: False
  SIS_tracer_advect CFL_MASS_NEGLECT_BUG: True
  SIS_tracer_advect ADCROFT_ADVECTIVE_CFL: False
SIS_sum_output: unknown
  SIS_sum_output WRITE_STOCKS: True
  SIS_sum_output STDOUT_HEARTBEAT: True
  SIS_sum_output MAXTRUNC: 0
  SIS_sum_output STATISTICS_FILE: seaice.stats
  SIS_sum_output output_path/STATISTICS_FILE: ./seaice.stats
  SIS_sum_output TIMEUNIT: 8.64E+04
  SIS_sum_output COLUMN_CHECK: False
  SIS_sum_output IMBALANCE_TOLERANCE: 1.0E-09
SIS_ice_diagnostics: unknown
  ice_model ICEBERG_WINDSTRESS_BUG: True
 ice_bergs: unknown
 ice_bergs_framework: unknown
&ICEBERGS_NML
 VERBOSE=F,
 BUDGET=T,
 HALO=4          ,
 TRAJ_SAMPLE_HRS=  24.000000000000000     ,
 INITIAL_MASS=  88000000.000000000     ,  410000000.00000000     ,  3300000000.0000000     ,  18000000000.000000     ,  38000000000.000000     ,
   75000000000.000000     ,  120000000000.00000     ,  220000000000.00000     ,  390000000000.00000     ,  740000000000.00000     ,
 TRAJ_WRITE_HRS=  480.00000000000000     ,
 MAX_BONDS=6          ,
 SAVE_SHORT_TRAJ=T,
 TRAJ_NAME="iceberg_trajectories.nc                                               ",
 BOND_TRAJ_NAME="bond_trajectories.nc                                                  ",
 TRAJ_AREA_THRES=  0.0000000000000000     ,
 STATIC_ICEBERGS=F,
 DISTRIBUTION= 0.23999999999999999     , 0.12000000000000000     , 0.14999999999999999     , 0.17999999999999999     , 0.12000000000000000     ,
   7.0000000000000007E-002, 3*2.9999999999999999E-002  ,  2.0000000000000000E-002,
 MASS_SCALING=  2000.0000000000000     ,  200.00000000000000     ,  50.000000000000000     ,  20.000000000000000     ,  10.000000000000000     ,
   5.0000000000000000     ,  2.0000000000000000     , 3*1.0000000000000000       ,
 INITIAL_THICKNESS=  40.000000000000000     ,  67.000000000000000     ,  133.00000000000000     ,  175.00000000000000     , 6*250.00000000000000       ,
 
 VERBOSE_HRS=  24.000000000000000     ,
 SPRING_COEF=  1.0000000000000000E-008,
 BOND_COEF=  1.0000000000000000E-008,
 RADIAL_DAMPING_COEF=  1.0000000000000000E-004,
 TANGENTAL_DAMPING_COEF=  2.0000000000000002E-005,
 ONLY_INTERACTIVE_FORCES=F,
 RHO_BERGS=  850.00000000000000     ,
 LOW_RATIO=  1.5000000000000000     ,
 DEBUG=F,
 REALLY_DEBUG=F,
 USE_OPERATOR_SPLITTING=T,
 BERGY_BIT_EROSION_FRACTION=  0.0000000000000000     ,
 ICEBERG_BONDS_ON=F,
 MANUALLY_INITIALIZE_BONDS=F,
 IGNORE_MISSING_RESTART_BERGS=F,
 PARALLEL_REPROD=T,
 USE_SLOW_FIND=T,
 SICN_SHIFT=  0.0000000000000000     ,
 ADD_WEIGHT_TO_OCEAN=T,
 PASSIVE_MODE=F,
 IGNORE_IJ_RESTART=F,
 USE_NEW_PREDICTIVE_CORRECTIVE=F,
 HALO_DEBUGGING=F,
 HEXAGONAL_ICEBERGS=F,
 TIME_AVERAGE_WEIGHT=F,
 GENERATE_TEST_ICEBERGS=F,
 SPEED_LIMIT=  0.0000000000000000     ,
 REARTH=  6360000.0000000000     ,
 FIX_RESTART_DATES=T,
 USE_ROUNDOFF_FIX=T,
 RUNGE_NOT_VERLET=T,
 INTERACTIVE_ICEBERGS_ON=F,
 SCALE_DAMPING_BY_PMAG=T,
 CRITICAL_INTERACTION_DAMPING_ON=T,
 TANG_CRIT_INT_DAMP_ON=T,
 REQUIRE_RESTART=F,
 OLD_BUG_ROTATED_WEIGHTS=F,
 MAKE_CALVING_REPRODUCE=T,
 RESTART_INPUT_DIR="INPUT/              ",
 ORIG_READ=F,
 OLD_BUG_BILIN=T,
 DO_UNIT_TESTS=F,
 GROUNDING_FRACTION=  0.0000000000000000     ,
 INPUT_FREQ_DISTRIBUTION=F,
 FORCE_ALL_PES_TRAJ=F,
 ALLOW_BERGS_TO_ROLL=T,
 SET_MELT_RATES_TO_ZERO=F,
 LAT_REF=  0.0000000000000000     ,
 INITIAL_ORIENTATION=  0.0000000000000000     ,
 ROTATE_ICEBERGS_FOR_MASS_SPREADING=T,
 GRID_IS_LATLON=T,
 LX=  360.00000000000000     ,
 USE_F_PLANE=F,
 USE_OLD_SPREADING=T,
 GRID_IS_REGULAR=T,
 OVERRIDE_ICEBERG_VELOCITIES=F,
 U_OVERRIDE=  0.0000000000000000     ,
 V_OVERRIDE=  0.0000000000000000     ,
 ADD_ICEBERG_THICKNESS_TO_SSH=F,
 ICEBERG_MELT_WITHOUT_DECAY=F,
 MELT_ICEBERGS_AS_ICE_SHELF=F,
 USE_THREE_EQUATION_MODEL=T,
 FIND_MELT_USING_SPREAD_MASS=F,
 USE_MIXED_LAYER_SALINITY_FOR_THERMO=F,
 UTIDE_ICEBERGS=  0.0000000000000000     ,
 USTAR_ICEBERGS_BG=  1.0000000000000000E-003,
 CDRAG_ICEBERGS=  1.5000000000000000E-003,
 PASS_FIELDS_TO_OCEAN_MODEL=F,
 CONST_GAMMA=T,
 GAMMA_T_3EQ=  2.1999999999999999E-002,
 IGNORE_TRAJ=F,
 DEBUG_ICEBERG_WITH_ID=-1                  ,
 USE_UPDATED_ROLLING_SCHEME=F,
 TIP_PARAMETER=  0.0000000000000000     ,
 READ_OLD_RESTARTS=F,
 TAU_CALVING=  0.0000000000000000     ,
 READ_OCEAN_DEPTH_FROM_FILE=F,
 MELT_CUTOFF= -1.0000000000000000     ,
 APPLY_THICKNESS_CUTOFF_TO_GRIDDED_MELT=F,
 APPLY_THICKNESS_CUTOFF_TO_BERGS_MELT=F,
 USE_MIXED_MELTING=F,
 INTERNAL_BERGS_FOR_DRAG=F,
 COASTAL_DRIFT=  0.0000000000000000     ,
 TIDAL_DRIFT=  0.0000000000000000     ,
 MTS=F,
 EWSAME=F,
 MTS_SUB_STEPS=-1         ,
 CONTACT_DISTANCE=  0.0000000000000000     ,
 LENGTH_FOR_MANUALLY_INITIALIZE_BONDS=  1000.0000000000000     ,
 MANUALLY_INITIALIZE_BONDS_FROM_RADII=F,
 CONTACT_SPRING_COEF=  0.0000000000000000     ,
 FRACTURE_CRITERION="none       ",
 DEBUG_WRITE=F,
 CDRAG_GROUNDING=  0.0000000000000000     ,
 H_TO_INIT_GROUNDING=  100.00000000000000     ,
 FRAC_THRES_SCALING=  1.0000000000000000     ,
 FRAC_THRES_N=  0.0000000000000000     ,
 FRAC_THRES_T=  0.0000000000000000     ,
 SAVE_BOND_TRAJ=F,
 REMOVE_UNUSED_BERGS=T,
 FORCE_CONVERGENCE=F,
 EXPLICIT_INNER_MTS=F,
 CONVERGENCE_TOLERANCE=  1.0000000000000000E-008,
 DEM=F,
 IGNORE_TANGENTIAL_FORCE=F,
 POISSON= 0.29999999999999999     ,
 DEM_SPRING_COEF=  0.0000000000000000     ,
 DEM_DAMPING_COEF= 0.10000000000000001     ,
 DEM_BEAM_TEST=0          ,
 CONSTANT_INTERACTION_LW=F,
 CONSTANT_LENGTH=  0.0000000000000000     ,
 CONSTANT_WIDTH=  0.0000000000000000     ,
 FL_INIT_CHILD_XY_BY_PE=F,
 FOOTLOOSE=F,
 DISPLACE_FL_BERGS=T,
 FL_STYLE="new_bergs  ",
 FL_BITS_EROSION_TO_BERGY_BITS=T,
 SAVE_FL_TRAJ=T,
 NEW_BERG_FROM_FL_BITS_MASS_THRES=  1000000000000.0000     ,
 SEPARATE_DISTRIB_FOR_N_HEMISPHERE=F,
 INITIAL_MASS_N=  458000000.00000000     ,  3610000000.0000000     ,  12200000000.000000     ,  29100000000.000000     ,  50900000000.000000     ,
   73400000000.000000     ,  115000000000.00000     ,  165000000000.00000     ,  294000000000.00000     ,  559000000000.00000     ,
 DISTRIBUTION_N= 0.14000000000000001     , 0.14999999999999999     , 0.20000000000000001     , 0.14999999999999999     ,  8.0000000000000002E-002,
   7.0000000000000007E-002, 4*5.0000000000000003E-002  ,
 MASS_SCALING_N=  200.00000000000000     ,  50.000000000000000     ,  25.000000000000000     ,  13.000000000000000     ,  8.0000000000000000     ,
   5.0000000000000000     ,  2.0000000000000000     , 3*1.0000000000000000       ,
 INITIAL_THICKNESS_N=  80.400000000000006     ,  159.50000000000000     ,  240.00000000000000     ,  320.00000000000000     , 6*360.00000000000000       ,
 
 FL_YOUNGS=  10000000.000000000     ,
 FL_STRENGTH=  250.00000000000000     ,
 SAVE_ALL_TRAJ_YEAR=  1.7976931348623157E+308,
 SAVE_NONFL_TRAJ_BY_CLASS=F,
 SAVE_TRAJ_BY_CLASS_START_MASS_THRES_N=  0.0000000000000000     ,
 SAVE_TRAJ_BY_CLASS_START_MASS_THRES_S=  0.0000000000000000     ,
 TRAJ_AREA_THRES_SNTBC=  0.0000000000000000     ,
 TRAJ_AREA_THRES_FL=  1000000000.0000000     ,
 TAU_IS_VELOCITY=F,
 OCEAN_DRAG_SCALE=  1.0000000000000000     ,
 A68_TEST=F,
 A68_XDISP=  0.0000000000000000     ,
 A68_YDISP=  0.0000000000000000     ,
 USE_BROKEN_BONDS_FOR_SUBSTEP_CONTACT=F,
 PRINT_FRACTURE=T,
 ORIG_DEM_MOMENT_OF_INERTIA=F,
 BREAK_BONDS_ON_SUB_STEPS=F,
 SKIP_FIRST_OUTER_MTS_STEP=F,
 REV_MIND=F,
 NO_FRAC_FIRST_TS=F,
 USE_GROUNDING_TORQUE=F,
 SHORT_STEP_MTS_GROUNDING=F,
 RADIUS_BASED_DRAG=F,
 SAVE_BOND_FORCES=T,
 /

KID domain decomposition:     2 X    4
   pe,   is,  ie,  js,  je,    isd, ied, jsd, jed
 ice_bergs_framework: unknown

================================================================================
ASTRONOMY_MOD
unknown
&ASTRONOMY_NML
 ECC=  1.6709999999999999E-002,
 OBLIQ=  23.439000000000000     ,
 PER=  102.93200000000000     ,
 PERIOD=0          ,
 YEAR_AE=1998       ,
 MONTH_AE=9          ,
 DAY_AE=23         ,
 HOUR_AE=5          ,
 MINUTE_AE=37         ,
 SECOND_AE=0          ,
 NUM_ANGLES=3600       ,
 /
SIS_fast_thermo: unknown
  SIS_fast_thermo REORDER_0C_HEATFLUX: False
  SIS_fast_thermo MAX_TSKIN_ITT: 10
  SIS_fast_thermo COLUMN_CHECK: False
  SIS_fast_thermo IMBALANCE_TOLERANCE: 1.0E-09
  SIS_fast_thermo ICE_BOUNDS_CHECK: True
  SIS_fast_thermo DEBUG: False
  SIS_fast_thermo DEBUG_SLOW_ICE: False
  SIS_fast_thermo DEBUG_FAST_ICE: False
SIS2_ice_thm (updates): unknown
  SIS2_ice_thm (updates) SNOW_CONDUCTIVITY: 0.31
  SIS2_ice_thm (updates) ICE_CONDUCTIVITY: 2.03
  SIS2_ice_thm (updates) MIN_H_FOR_TEMP_CALC: 0.0
  SIS2_ice_thm (updates) DO_POND: False
  SIS2_ice_thm (updates) TDRAIN: -0.8
  SIS2_ice_thm (updates) R_MIN_POND: 0.15
  SIS2_ice_thm (updates) R_MAX_POND: 0.9
  SIS2_ice_thm (updates) MIN_POND_FRAC: 0.2
  SIS2_ice_thm (updates) MAX_POND_FRAC: 0.5
  SIS2_ice_thm (updates) ICE_TEMP_RANGE_ESTIMATE: 40.0
SIS_optics: unknown
  SIS_optics DO_DELTA_EDDINGTON_SW: True
  SIS_optics DO_POND: False
  SIS_optics MIN_POND_FRAC: 0.2
  SIS_optics MAX_POND_FRAC: 0.5
  SIS_optics ICE_DELTA_EDD_R_ICE: 1.0
  SIS_optics ICE_DELTA_EDD_R_SNOW: 1.0
  SIS_optics ICE_DELTA_EDD_R_POND: 1.0
MOM_file_parser: unknown
  MOM_file_parser SEND_LOG_TO_STDOUT: False
  MOM_file_parser REPORT_UNUSED_PARAMS: True
  MOM_file_parser FATAL_UNUSED_PARAMS: False
  MOM_file_parser DOCUMENT_FILE: SIS_parameter_doc
  MOM_file_parser COMPLETE_DOCUMENTATION: True
  MOM_file_parser MINIMAL_DOCUMENTATION: True
&DATA_OVERRIDE_NML
 DEBUG_DATA_OVERRIDE=F,
 GRID_CENTER_BUG=F,
 /
find_obsolete_params: unknown
MOM_unit_scaling: unknown
  MOM_unit_scaling Z_RESCALE_POWER: 0
  MOM_unit_scaling L_RESCALE_POWER: 0
  MOM_unit_scaling T_RESCALE_POWER: 0
  MOM_unit_scaling R_RESCALE_POWER: 0
  MOM_unit_scaling Q_RESCALE_POWER: 0
  MOM_unit_scaling C_RESCALE_POWER: 0
  MOM_unit_scaling S_RESCALE_POWER: 0
MOM: unknown
  MOM VERBOSITY: 2
  MOM DO_UNIT_TESTS: False
  MOM SPLIT: True
  MOM SPLIT_RK2B: False
  MOM CALC_RHO_FOR_SEA_LEVEL: False
  MOM ENABLE_THERMODYNAMICS: True
  MOM USE_EOS: True
  MOM DIABATIC_FIRST: False
  MOM USE_CONTEMP_ABSSAL: False
  MOM ADIABATIC: False
  MOM DO_DYNAMICS: True
  MOM OFFLINE_TRACER_MODE: False
  MOM USE_REGRIDDING: True
  MOM REMAP_UV_USING_OLD_ALG: True
  MOM REMAP_AUXILIARY_VARS: False
  MOM BULKMIXEDLAYER: False
  MOM THICKNESSDIFFUSE: True
  MOM APPLY_INTERFACE_FILTER: False
  MOM THICKNESSDIFFUSE_FIRST: True
  MOM USE_POROUS_BARRIER: True
  MOM BATHYMETRY_AT_VEL: False
  MOM DEBUG: False
  MOM DEBUG_TRUNCATIONS: False
  MOM DT: 1800.0
  MOM DT_THERM: 7200.0
  MOM THERMO_SPANS_COUPLING: True
  MOM HMIX_SFC_PROP: 1.0
  MOM HMIX_UV_SFC_PROP: 0.0
  MOM HFREEZE: -1.0
  MOM INTERPOLATE_P_SURF: False
  MOM DTBT: -0.9
  MOM DTBT_RESET_PERIOD: 7200.0
  MOM FRAZIL: True
  MOM DO_GEOTHERMAL: True
  MOM BOUND_SALINITY: True
  MOM MIN_SALINITY: 0.01
  MOM SALINITY_UNDERFLOW: 0.0
  MOM TEMPERATURE_UNDERFLOW: 0.0
  MOM C_P: 3992.0
  MOM USE_PSURF_IN_EOS: False
  MOM P_REF: 2.0E+07
  MOM GLOBAL_INDEXING: False
  MOM FIRST_DIRECTION: 0
  MOM ALTERNATE_FIRST_DIRECTION: False
  MOM CHECK_BAD_SURFACE_VALS: True
  MOM BAD_VAL_SSH_MAX: 50.0
  MOM BAD_VAL_SSS_MAX: 75.0
  MOM BAD_VAL_SST_MAX: 55.0
  MOM BAD_VAL_SST_MIN: -3.0
  MOM BAD_VAL_COLUMN_THICKNESS: 0.0
  MOM DEFAULT_ANSWER_DATE: 20181231
  MOM SURFACE_ANSWER_DATE: 20181231
  MOM USE_DIABATIC_TIME_BUG: False
  MOM SAVE_INITIAL_CONDS: False
  MOM IC_OUTPUT_FILE: MOM_IC
  MOM WRITE_GEOM: 1
  MOM USE_DBCLIENT: False
  MOM ICE_SHELF: False
  MOM USE_PARTICLES: False
  MOM USE_UH_PARTICLES: False
  MOM ENSEMBLE_OCEAN: False
  MOM HOMOGENIZE_FORCINGS: False
  MOM ROTATE_INDEX: False
MOM_domains: unknown
  MOM_domains REENTRANT_X: True
  MOM_domains REENTRANT_Y: False
  MOM_domains TRIPOLAR_N: True
  MOM_domains !SYMMETRIC_MEMORY_: True
  MOM_domains NONBLOCKING_UPDATES: False
  MOM_domains THIN_HALO_UPDATES: True
  MOM_domains !STATIC_MEMORY_: False
  MOM_domains NIGLOBAL: 720
  MOM_domains NJGLOBAL: 576
  MOM_domains NIHALO: 4
  MOM_domains NJHALO: 4
  MOM_domains AUTO_MASKTABLE: False
  MOM_domains MASKTABLE: MOM_mask_table
  MOM_domains NIPROC: 2
  MOM_domains NJPROC: 4
  MOM_domains LAYOUT: 2, 4
  MOM_domains IO_LAYOUT: 1, 1

MOM_in domain decomposition:     2 X    4
   pe,   is,  ie,  js,  je,    isd, ied, jsd, jed

MOM_inc domain decomposition:     2 X    4
   pe,   is,  ie,  js,  je,    isd, ied, jsd, jed
MOM_debugging: unknown
  MOM_debugging DEBUG: False
  MOM_debugging DEBUG_CHKSUMS: False
  MOM_debugging DEBUG_REDUNDANT: False
MOM_checksums: unknown
MOM_io: unknown
MOM_hor_index: unknown

MOM_in domain decomposition:     2 X    4
   pe,   is,  ie,  js,  je,    isd, ied, jsd, jed

MOM_in domain decomposition:     2 X    4
   pe,   is,  ie,  js,  je,    isd, ied, jsd, jed
MOM_grid: unknown
  MOM_grid NIBLOCK: 1
  MOM_grid NJBLOCK: 1
  MOM_grid REFERENCE_HEIGHT: 0.0
MOM_fixed_initialization: unknown
  MOM_fixed_initialization DEBUG: False
  MOM_fixed_initialization INPUTDIR: INPUT
MOM_grid_init: unknown
  MOM_grid_init GRID_CONFIG: mosaic
  MOM_grid_init DEBUG: False
  MOM_grid_init set_grid_metrics_from_mosaic GRID_FILE: ocean_hgrid.nc
  MOM_grid_init set_grid_metrics_from_mosaic USE_TRIPOLAR_GEOLONB_BUG: False
  MOM_grid_init set_grid_metrics_from_mosaic INPUTDIR: INPUT
  MOM_grid_init set_grid_metrics_from_mosaic INPUTDIR/GRID_FILE: INPUT/ocean_hgrid.nc

MOM_MOSAIC domain decomposition:     2 X    4
   pe,   is,  ie,  js,  je,    isd, ied, jsd, jed

MOM_MOSAIC domain decomposition:     2 X    4
   pe,   is,  ie,  js,  je,    isd, ied, jsd, jed
  MOM_grid_init RAD_EARTH: 6.378E+06
  MOM_initialize_topography TOPO_CONFIG: file
  initialize_topography_from_file INPUTDIR: INPUT
  initialize_topography_from_file TOPO_FILE: ocean_topog.nc
  initialize_topography_from_file TOPO_VARNAME: depth
  initialize_topography_from_file INPUTDIR/TOPO_FILE: INPUT/ocean_topog.nc
  apply_topography_edits_from_file INPUTDIR: INPUT
  apply_topography_edits_from_file TOPO_EDITS_FILE:
  apply_topography_edits_from_file ALLOW_LANDMASK_CHANGES: False
  apply_topography_edits_from_file MINIMUM_DEPTH: 9.5
  apply_topography_edits_from_file MASKING_DEPTH: 0.0
  MOM_initialize_topography MAXIMUM_DEPTH: 6500.0
  limit_topography MINIMUM_DEPTH: 9.5
MOM_open_boundary: unknown
  MOM_open_boundary OBC_NUMBER_OF_SEGMENTS: 0
  MOM_grid_init initialize_masks MINIMUM_DEPTH: 9.5
  MOM_grid_init initialize_masks MASKING_DEPTH: 0.0
  MOM_fixed_initialization CHANNEL_CONFIG: list
  reset_face_lengths_list CHANNEL_LIST_FILE: MOM_channels_global_025
  reset_face_lengths_list INPUTDIR: INPUT
  reset_face_lengths_list INPUTDIR/CHANNEL_LIST_FILE: INPUT/MOM_channels_global_025
  reset_face_lengths_list CHANNEL_LIST_360_LON_CHECK: True
  reset_face_lengths_list FATAL_UNUSED_CHANNEL_WIDTHS: False
  MOM_fixed_initialization SUBGRID_TOPO_AT_VEL: False
  MOM_initialize_rotation ROTATION: 2omegasinlat
  set_rotation_planetary OMEGA: 7.2921E-05
  initialize_grid_rotation_angle GRID_ROTATION_ANGLE_BUGS: False
MOM_verticalGrid: unknown
  MOM_verticalGrid G_EARTH: 9.8
  MOM_verticalGrid RHO_0: 1035.0
  MOM_verticalGrid BOUSSINESQ: True
  MOM_verticalGrid ANGSTROM: 1.0E-10
  MOM_verticalGrid H_RESCALE_POWER: 0
  MOM_verticalGrid H_TO_M: 1.0
  MOM_verticalGrid NK: 75
  MOM_verticalGrid M to THICKNESS: 1.0
  MOM_verticalGrid M to THICKNESS rescaled by 2^-n: 1.0
  MOM_verticalGrid THICKNESS to M rescaled by 2^n: 1.0
MOM_tracer_registry: unknown
  MOM NK_RHO_VARIES: 0
MOM_EOS: unknown
  MOM_EOS EQN_OF_STATE: WRIGHT
  MOM_EOS USE_WRIGHT_2ND_DERIV_BUG: False
  MOM_EOS EOS_QUADRATURE: False
  MOM_EOS TFREEZE_FORM: LINEAR
  MOM_EOS TFREEZE_S0_P0: 0.0
  MOM_EOS DTFREEZE_DS: -0.054
  MOM_EOS DTFREEZE_DP: -7.75E-08
MOM_restart: unknown
  MOM_restart PARALLEL_RESTARTFILES: True
  MOM_restart RESTARTFILE: MOM.res
  MOM_restart MAX_FIELDS: 100
  MOM_restart RESTART_CHECKSUMS_REQUIRED: True
MOM_tracer_flow_control: unknown
  MOM_tracer_flow_control USE_USER_TRACER_EXAMPLE: False
  MOM_tracer_flow_control USE_DOME_TRACER: False
  MOM_tracer_flow_control USE_ISOMIP_TRACER: False
  MOM_tracer_flow_control USE_RGC_TRACER: False
  MOM_tracer_flow_control USE_IDEAL_AGE_TRACER: True
  MOM_tracer_flow_control USE_REGIONAL_DYES: False
  MOM_tracer_flow_control USE_OIL_TRACER: False
  MOM_tracer_flow_control USE_ADVECTION_TEST_TRACER: False
  MOM_tracer_flow_control USE_OCMIP2_CFC: False
  MOM_tracer_flow_control USE_CFC_CAP: False
  MOM_tracer_flow_control USE_generic_tracer: False
  MOM_tracer_flow_control USE_PSEUDO_SALT_TRACER: False
  MOM_tracer_flow_control USE_BOUNDARY_IMPULSE_TRACER: False
  MOM_tracer_flow_control USE_DYED_OBC_TRACER: False
  MOM_tracer_flow_control USE_NW2_TRACERS: False
ideal_age_example: unknown
  ideal_age_example DO_IDEAL_AGE: True
  ideal_age_example DO_IDEAL_VINTAGE: False
  ideal_age_example DO_IDEAL_AGE_DATED: False
  ideal_age_example DO_BL_RESIDENCE: False
  ideal_age_example USE_REAL_BL_DEPTH: False
  ideal_age_example AGE_IC_FILE:
  ideal_age_example AGE_IC_FILE_IS_Z: False
  ideal_age_example TRACERS_MAY_REINIT: False
  write_ocean_geometry_file PARALLEL_RESTARTFILES: True
MOM_coord_initialization: unknown
  MOM_coord_initialization DEBUG: False
  MOM_coord_initialization COORD_CONFIG: file
  set_coord_from_file GFS: 9.8
  set_coord_from_file INPUTDIR: INPUT
  set_coord_from_file COORD_FILE: layer_coord.nc
  set_coord_from_file COORD_VAR: Layer
  set_coord_from_file INPUTDIR/COORD_FILE: INPUT/layer_coord.nc
  MOM_ALE REMAP_UV_USING_OLD_ALG: True
  MOM_ALE REGRIDDING_COORDINATE_MODE: HYCOM1
  MOM_ALE INPUTDIR: INPUT
  MOM_ALE REGRIDDING_COORDINATE_UNITS: m
  MOM_ALE INTERPOLATION_SCHEME: P1M_H2
  MOM_ALE DEFAULT_ANSWER_DATE: 20181231
  MOM_ALE REMAPPING_ANSWER_DATE: 20181231
  MOM_ALE REGRIDDING_ANSWER_DATE: 20181231
  MOM_ALE BOUNDARY_EXTRAPOLATION: True
  MOM_ALE ALE_COORDINATE_CONFIG: HYBRID:hycom1_75_800m.nc,sigma2,FNC1:2,4000,4.5,.01
  MOM_ALE !ALE_RESOLUTION: 7*2.0, 2*2.01, 2.02, 2.03, 2.05, 2.08, 2.11, 2.15, 2.21, 2.2800000000000002, 2.37, 2.48, 2.61, 2.77, 2.95, 3.17, 3.4299999999999997, 3.74, 4.09, 4.49, 4.95, 5.48, 6.07, 6.74, 7.5, 8.34, 9.280000000000001, 10.33, 11.49, 12.77, 14.19, 15.74, 17.450000000000003, 19.31, 21.35, 23.56, 25.97, 28.580000000000002, 31.41, 34.47, 37.77, 41.32, 45.14, 49.25, 53.65, 58.370000000000005, 63.42, 68.81, 74.56, 80.68, 87.21000000000001, 94.14, 101.51, 109.33, 117.62, 126.4, 135.68, 145.5, 155.87, 166.81, 178.35, 190.51, 203.31, 216.78, 230.93, 245.8, 261.42, 277.83
  MOM_ALE !TARGET_DENSITIES: 1010.0, 1014.3034, 1017.8088, 1020.843, 1023.5566, 1025.813, 1027.0275, 1027.9114, 1028.6422, 1029.2795, 1029.852, 1030.3762, 1030.8626, 1031.3183, 1031.7486, 1032.1572, 1032.5471, 1032.9207, 1033.2798, 1033.6261, 1033.9608, 1034.2519, 1034.4817, 1034.6774, 1034.8508, 1035.0082, 1035.1533, 1035.2886, 1035.4159, 1035.5364, 1035.6511, 1035.7608, 1035.8661, 1035.9675, 1036.0645, 1036.1554, 1036.2411, 1036.3223, 1036.3998, 1036.4739, 1036.5451, 1036.6137, 1036.68, 1036.7441, 1036.8062, 1036.8526, 1036.8874, 1036.9164, 1036.9418, 1036.9647, 1036.9857, 1037.0052, 1037.0236, 1037.0409, 1037.0574, 1037.0738, 1037.0902, 1037.1066, 1037.123, 1037.1394, 1037.1558, 1037.1722, 1037.1887, 1037.206, 1037.2241, 1037.2435, 1037.2642, 1037.2866, 1037.3112, 1037.3389, 1037.3713, 1037.4118, 1037.475, 1037.6332, 1037.8104, 1038.0
  MOM_ALE P_REF: 2.0E+07
  MOM_ALE REGRID_COMPRESSIBILITY_FRACTION: 0.01
  MOM_ALE MIN_THICKNESS: 0.001
  MOM_ALE HYCOM1_ONLY_IMPROVES: False
  MOM_ALE MAXIMUM_INT_DEPTH_CONFIG: FNC1:5,8000.0,1.0,.01
  MOM_ALE !MAXIMUM_INT_DEPTHS: 0.0, 5.0, 12.75, 23.25, 36.49, 52.480000000000004, 71.22, 92.71000000000001, 116.94000000000001, 143.92000000000002, 173.65, 206.13, 241.36, 279.33000000000004, 320.05000000000007, 363.5200000000001, 409.7400000000001, 458.7000000000001, 510.4100000000001, 564.8700000000001, 622.0800000000002, 682.0300000000002, 744.7300000000002, 810.1800000000003, 878.3800000000003, 949.3300000000004, 1023.0200000000004, 1099.4600000000005, 1178.6500000000005, 1260.5900000000006, 1345.2700000000007, 1432.7000000000007, 1522.8800000000008, 1615.8100000000009, 1711.490000000001, 1809.910000000001, 1911.080000000001, 2015.0000000000011, 2121.670000000001, 2231.080000000001, 2343.2400000000007, 2458.1500000000005, 2575.8100000000004, 2696.2200000000003, 2819.3700000000003, 2945.2700000000004, 3073.9200000000005, 3205.3200000000006, 3339.4600000000005, 3476.3500000000004, 3615.9900000000002, 3758.38, 3903.52, 4051.4, 4202.03, 4355.41, 4511.54, 4670.41, 4832.03, 4996.4, 5163.5199999999995, 5333.379999999999, 5505.989999999999, 5681.3499999999985, 5859.459999999998, 6040.319999999998, 6223.919999999998, 6410.269999999999, 6599.369999999999, 6791.219999999999, 6985.8099999999995, 7183.15, 7383.24, 7586.08, 7791.67, 8000.0
  MOM_ALE MAX_LAYER_THICKNESS_CONFIG: FNC1:400,31000.0,0.1,.01
  MOM_ALE !MAX_LAYER_THICKNESS: 400.0, 409.63, 410.32, 410.75, 411.07, 411.32, 411.52, 411.7, 411.86, 412.0, 412.13, 412.24, 412.35, 412.45, 412.54, 412.63, 412.71, 412.79, 412.86, 412.93, 413.0, 413.06, 413.12, 413.18, 413.24, 413.29, 413.34, 413.39, 413.44, 413.49, 413.54, 413.58, 413.62, 413.67, 413.71, 413.75, 413.78, 413.82, 413.86, 413.9, 413.93, 413.97, 414.0, 414.03, 414.06, 414.1, 414.13, 414.16, 414.19, 414.22, 414.24, 414.27, 414.3, 414.33, 414.35, 414.38, 414.41, 414.43, 414.46, 414.48, 414.51, 414.53, 414.55, 414.58, 414.6, 414.62, 414.65, 414.67, 414.69, 414.71, 414.73, 414.75, 414.77, 414.79, 414.83
  MOM_ALE REMAPPING_SCHEME: PPM_H4
  MOM_ALE VELOCITY_REMAPPING_SCHEME: PPM_H4
  MOM_ALE FATAL_CHECK_RECONSTRUCTIONS: False
  MOM_ALE FATAL_CHECK_REMAPPING: False
  MOM_ALE REMAP_BOUND_INTERMEDIATE_VALUES: False
  MOM_ALE REMAP_BOUNDARY_EXTRAP: False
  MOM_ALE INIT_BOUNDARY_EXTRAP: False
  MOM_ALE DEFAULT_ANSWER_DATE: 20181231
  MOM_ALE REMAPPING_ANSWER_DATE: 20181231
  MOM_ALE PARTIAL_CELL_VELOCITY_REMAP: False
  MOM_ALE REMAP_AFTER_INITIALIZATION: True
  MOM_ALE REGRID_TIME_SCALE: 0.0
  MOM_ALE REGRID_FILTER_SHALLOW_DEPTH: 0.0
  MOM_ALE REGRID_FILTER_DEEP_DEPTH: 0.0
  MOM_ALE REMAP_VEL_MASK_BBL_THICK: -0.001
  MOM DEBUG: False

MOM_in domain decomposition:     2 X    4
   pe,   is,  ie,  js,  je,    isd, ied, jsd, jed

MOM_in domain decomposition:     2 X    4
   pe,   is,  ie,  js,  je,    isd, ied, jsd, jed
MOM_state_initialization: unknown
  MOM_state_initialization DEBUG: False
  MOM_state_initialization DEBUG_OBC: False
  MOM_state_initialization INPUTDIR: INPUT
  MOM_state_initialization FATAL_INCONSISTENT_RESTART_TIME: False
  MOM_state_initialization INIT_LAYERS_FROM_Z_FILE: True
MOM_initialize_layers_from_Z: unknown
  MOM_initialize_layers_from_Z INPUTDIR: INPUT
  MOM_initialize_layers_from_Z TEMP_SALT_Z_INIT_FILE:
  MOM_initialize_layers_from_Z TEMP_Z_INIT_FILE: woa13_decav_ptemp_monthly_fulldepth_01.nc
  MOM_initialize_layers_from_Z SALT_Z_INIT_FILE: woa13_decav_s_monthly_fulldepth_01.nc
  MOM_initialize_layers_from_Z Z_INIT_FILE_PTEMP_VAR: ptemp_an
  MOM_initialize_layers_from_Z Z_INIT_FILE_SALT_VAR: s_an
  MOM_initialize_layers_from_Z Z_INIT_HOMOGENIZE: False
  MOM_initialize_layers_from_Z Z_INIT_ALE_REMAPPING: True
  MOM_initialize_layers_from_Z Z_INIT_REMAPPING_SCHEME: PPM_IH4
  MOM_initialize_layers_from_Z Z_INIT_REMAP_GENERAL: False
  MOM_initialize_layers_from_Z Z_INIT_REMAP_FULL_COLUMN: False
  MOM_initialize_layers_from_Z Z_INIT_REMAP_OLD_ALG: True
  MOM_initialize_layers_from_Z DEFAULT_ANSWER_DATE: 20181231
  MOM_initialize_layers_from_Z TEMP_SALT_INIT_VERTICAL_REMAP_ONLY: False
  MOM_initialize_layers_from_Z REMAPPING_ANSWER_DATE: 20181231
  MOM_initialize_layers_from_Z HOR_REGRID_ANSWER_DATE: 20181231
  MOM_initialize_layers_from_Z LAND_FILL_TEMP: 0.0
  MOM_initialize_layers_from_Z LAND_FILL_SALIN: 35.0
  MOM_initialize_layers_from_Z HORIZ_INTERP_TOL_TEMP: 0.001
  MOM_initialize_layers_from_Z HORIZ_INTERP_TOL_SALIN: 0.001
  MOM_initialize_layers_from_Z REGRIDDING_COORDINATE_MODE: HYCOM1
  MOM_initialize_layers_from_Z INPUTDIR: INPUT
  MOM_initialize_layers_from_Z REGRIDDING_COORDINATE_UNITS: m
  MOM_initialize_layers_from_Z INTERPOLATION_SCHEME: P1M_H2
  MOM_initialize_layers_from_Z DEFAULT_ANSWER_DATE: 20181231
  MOM_initialize_layers_from_Z REMAPPING_ANSWER_DATE: 20181231
  MOM_initialize_layers_from_Z REGRIDDING_ANSWER_DATE: 20181231
  MOM_initialize_layers_from_Z BOUNDARY_EXTRAPOLATION: True
  MOM_initialize_layers_from_Z ALE_COORDINATE_CONFIG: HYBRID:hycom1_75_800m.nc,sigma2,FNC1:2,4000,4.5,.01
  MOM_initialize_layers_from_Z !ALE_RESOLUTION: 7*2.0, 2*2.01, 2.02, 2.03, 2.05, 2.08, 2.11, 2.15, 2.21, 2.2800000000000002, 2.37, 2.48, 2.61, 2.77, 2.95, 3.17, 3.4299999999999997, 3.74, 4.09, 4.49, 4.95, 5.48, 6.07, 6.74, 7.5, 8.34, 9.280000000000001, 10.33, 11.49, 12.77, 14.19, 15.74, 17.450000000000003, 19.31, 21.35, 23.56, 25.97, 28.580000000000002, 31.41, 34.47, 37.77, 41.32, 45.14, 49.25, 53.65, 58.370000000000005, 63.42, 68.81, 74.56, 80.68, 87.21000000000001, 94.14, 101.51, 109.33, 117.62, 126.4, 135.68, 145.5, 155.87, 166.81, 178.35, 190.51, 203.31, 216.78, 230.93, 245.8, 261.42, 277.83
  MOM_initialize_layers_from_Z !TARGET_DENSITIES: 1010.0, 1014.3034, 1017.8088, 1020.843, 1023.5566, 1025.813, 1027.0275, 1027.9114, 1028.6422, 1029.2795, 1029.852, 1030.3762, 1030.8626, 1031.3183, 1031.7486, 1032.1572, 1032.5471, 1032.9207, 1033.2798, 1033.6261, 1033.9608, 1034.2519, 1034.4817, 1034.6774, 1034.8508, 1035.0082, 1035.1533, 1035.2886, 1035.4159, 1035.5364, 1035.6511, 1035.7608, 1035.8661, 1035.9675, 1036.0645, 1036.1554, 1036.2411, 1036.3223, 1036.3998, 1036.4739, 1036.5451, 1036.6137, 1036.68, 1036.7441, 1036.8062, 1036.8526, 1036.8874, 1036.9164, 1036.9418, 1036.9647, 1036.9857, 1037.0052, 1037.0236, 1037.0409, 1037.0574, 1037.0738, 1037.0902, 1037.1066, 1037.123, 1037.1394, 1037.1558, 1037.1722, 1037.1887, 1037.206, 1037.2241, 1037.2435, 1037.2642, 1037.2866, 1037.3112, 1037.3389, 1037.3713, 1037.4118, 1037.475, 1037.6332, 1037.8104, 1038.0
  MOM_initialize_layers_from_Z P_REF: 2.0E+07
  MOM_initialize_layers_from_Z REGRID_COMPRESSIBILITY_FRACTION: 0.01
  MOM_initialize_layers_from_Z MIN_THICKNESS: 0.001
  MOM_initialize_layers_from_Z HYCOM1_ONLY_IMPROVES: False
  MOM_initialize_layers_from_Z MAXIMUM_INT_DEPTH_CONFIG: FNC1:5,8000.0,1.0,.01
  MOM_initialize_layers_from_Z !MAXIMUM_INT_DEPTHS: 0.0, 5.0, 12.75, 23.25, 36.49, 52.480000000000004, 71.22, 92.71000000000001, 116.94000000000001, 143.92000000000002, 173.65, 206.13, 241.36, 279.33000000000004, 320.05000000000007, 363.5200000000001, 409.7400000000001, 458.7000000000001, 510.4100000000001, 564.8700000000001, 622.0800000000002, 682.0300000000002, 744.7300000000002, 810.1800000000003, 878.3800000000003, 949.3300000000004, 1023.0200000000004, 1099.4600000000005, 1178.6500000000005, 1260.5900000000006, 1345.2700000000007, 1432.7000000000007, 1522.8800000000008, 1615.8100000000009, 1711.490000000001, 1809.910000000001, 1911.080000000001, 2015.0000000000011, 2121.670000000001, 2231.080000000001, 2343.2400000000007, 2458.1500000000005, 2575.8100000000004, 2696.2200000000003, 2819.3700000000003, 2945.2700000000004, 3073.9200000000005, 3205.3200000000006, 3339.4600000000005, 3476.3500000000004, 3615.9900000000002, 3758.38, 3903.52, 4051.4, 4202.03, 4355.41, 4511.54, 4670.41, 4832.03, 4996.4, 5163.5199999999995, 5333.379999999999, 5505.989999999999, 5681.3499999999985, 5859.459999999998, 6040.319999999998, 6223.919999999998, 6410.269999999999, 6599.369999999999, 6791.219999999999, 6985.8099999999995, 7183.15, 7383.24, 7586.08, 7791.67, 8000.0
  MOM_initialize_layers_from_Z MAX_LAYER_THICKNESS_CONFIG: FNC1:400,31000.0,0.1,.01
  MOM_initialize_layers_from_Z !MAX_LAYER_THICKNESS: 400.0, 409.63, 410.32, 410.75, 411.07, 411.32, 411.52, 411.7, 411.86, 412.0, 412.13, 412.24, 412.35, 412.45, 412.54, 412.63, 412.71, 412.79, 412.86, 412.93, 413.0, 413.06, 413.12, 413.18, 413.24, 413.29, 413.34, 413.39, 413.44, 413.49, 413.54, 413.58, 413.62, 413.67, 413.71, 413.75, 413.78, 413.82, 413.86, 413.9, 413.93, 413.97, 414.0, 414.03, 414.06, 414.1, 414.13, 414.16, 414.19, 414.22, 414.24, 414.27, 414.3, 414.33, 414.35, 414.38, 414.41, 414.43, 414.46, 414.48, 414.51, 414.53, 414.55, 414.58, 414.6, 414.62, 414.65, 414.67, 414.69, 414.71, 414.73, 414.75, 414.77, 414.79, 414.83
  MOM_state_initialization DEPRESS_INITIAL_SURFACE: False
  MOM_state_initialization TRIM_IC_FOR_P_SURF: False
  MOM_state_initialization REGRID_ACCELERATE_INIT: False
  MOM_state_initialization VELOCITY_CONFIG: zero
  MOM_state_initialization ODA_INCUPD: False
  MOM_state_initialization SPONGE: False
  MOM_ALE REMAP_BOUNDARY_EXTRAP: False
MOM_diag_mediator: unknown
  MOM_diag_mediator NUM_DIAG_COORDS: 2
  MOM_diag_mediator DEFAULT_ANSWER_DATE: 20181231
  MOM_diag_mediator REMAPPING_ANSWER_DATE: 20181231
  MOM_diag_mediator USE_INDEX_DIAGNOSTIC_AXES: False
  MOM_diag_mediator DIAG_COORDS: z Z ZSTAR", "rho2 RHO2 RHO
  MOM_diag_mediator DIAG_MISVAL: 1.0E+20
  MOM_diag_mediator DIAG_AS_CHKSUM: False
  MOM_diag_mediator AVAILABLE_DIAGS_FILE: available_diags.000000
  MOM_diag_remap INPUTDIR: INPUT
  MOM_diag_remap DIAG_COORD_DEF_Z: WOA09
  MOM_diag_remap INPUTDIR: INPUT
  MOM_diag_remap DIAG_COORD_INTERP_SCHEME_RHO2: PPM_H4
  MOM_diag_remap DEFAULT_ANSWER_DATE: 20181231
  MOM_diag_remap REMAPPING_ANSWER_DATE: 20181231
  MOM_diag_remap REGRIDDING_ANSWER_DATE: 20181231
  MOM_diag_remap DIAG_COORD_DEF_RHO2: RFNC1:35,999.5,1028,1028.5,8.,1038.,0.0078125
  MOM_diag_remap DIAG_COORD_P_REF_RHO2: 2.0E+07
  MOM_diag_remap DIAG_COORD_REGRID_COMPRESSIBILITY_FRACTION_RHO2: 0.0
MOM_MEKE: unknown
  MOM_MEKE USE_MEKE: True
  MOM_MEKE MEKE_IN_DYNAMICS: True
  MOM_MEKE EKE_SOURCE: prog
  MOM_MEKE MEKE_DAMPING: 0.0
  MOM_MEKE MEKE_CD_SCALE: 0.0
  MOM_MEKE MEKE_CB: 25.0
  MOM_MEKE MEKE_MIN_GAMMA2: 1.0E-04
  MOM_MEKE MEKE_CT: 50.0
  MOM_MEKE MEKE_GMCOEFF: 1.0
  MOM_MEKE MEKE_GEOMETRIC: False
  MOM_MEKE MEKE_GEOMETRIC_ALPHA: 0.05
  MOM_MEKE MEKE_EQUILIBRIUM_ALT: False
  MOM_MEKE MEKE_EQUILIBRIUM_RESTORING: False
  MOM_MEKE MEKE_FRCOEFF: -1.0
  MOM_MEKE MEKE_GMECOEFF: -1.0
  MOM_MEKE MEKE_BGSRC: 1.0E-13
  MOM_MEKE MEKE_KH: -1.0
  MOM_MEKE MEKE_K4: -1.0
  MOM_MEKE MEKE_DTSCALE: 1.0
  MOM_MEKE MEKE_KHCOEFF: 1.0
  MOM_MEKE MEKE_USCALE: 0.0
  MOM_MEKE MEKE_GM_SRC_ALT: False
  MOM_MEKE MEKE_VISC_DRAG: True
  MOM_MEKE MEKE_KHTH_FAC: 0.5
  MOM_MEKE MEKE_KHTR_FAC: 0.5
  MOM_MEKE MEKE_KHMEKE_FAC: 1.0
  MOM_MEKE MEKE_OLD_LSCALE: False
  MOM_MEKE MEKE_MIN_LSCALE: False
  MOM_MEKE MEKE_RD_MAX_SCALE: False
  MOM_MEKE MEKE_VISCOSITY_COEFF_KU: 1.0
  MOM_MEKE MEKE_VISCOSITY_COEFF_AU: 0.0
  MOM_MEKE MEKE_FIXED_MIXING_LENGTH: 0.0
  MOM_MEKE MEKE_FIXED_TOTAL_DEPTH: True
  MOM_MEKE MEKE_ALPHA_DEFORM: 0.0
  MOM_MEKE MEKE_ALPHA_RHINES: 0.15
  MOM_MEKE MEKE_ALPHA_EADY: 0.15
  MOM_MEKE MEKE_ALPHA_FRICT: 0.0
  MOM_MEKE MEKE_ALPHA_GRID: 0.0
  MOM_MEKE MEKE_COLD_START: False
  MOM_MEKE MEKE_BACKSCAT_RO_C: 0.0
  MOM_MEKE MEKE_BACKSCAT_RO_POW: 0.0
  MOM_MEKE MEKE_ADVECTION_FACTOR: 0.0
  MOM_MEKE MEKE_TOPOGRAPHIC_BETA: 0.0
  MOM_MEKE CDRAG: 0.003
  MOM_MEKE MEKE_CDRAG: 0.003
MOM_lateral_mixing_coeffs: unknown
  MOM_lateral_mixing_coeffs USE_VARIABLE_MIXING: True
  MOM_lateral_mixing_coeffs USE_VISBECK: False
  MOM_lateral_mixing_coeffs RESOLN_SCALED_KH: True
  MOM_lateral_mixing_coeffs DEPTH_SCALED_KHTH: False
  MOM_lateral_mixing_coeffs RESOLN_SCALED_KHTH: True
  MOM_lateral_mixing_coeffs RESOLN_SCALED_KHTR: False
  MOM_lateral_mixing_coeffs RESOLN_USE_EBT: False
  MOM_lateral_mixing_coeffs KHTH_USE_EBT_STRUCT: True
  MOM_lateral_mixing_coeffs KD_GL90_USE_EBT_STRUCT: False
  MOM_lateral_mixing_coeffs KHTH_SLOPE_CFF: 0.0
  MOM_lateral_mixing_coeffs KHTR_SLOPE_CFF: 0.25
  MOM_lateral_mixing_coeffs USE_STORED_SLOPES: True
  MOM_lateral_mixing_coeffs VERY_SMALL_FREQUENCY: 1.0E-17
  MOM_lateral_mixing_coeffs USE_STANLEY_ISO: False
  MOM_lateral_mixing_coeffs RESOLN_N2_FILTER_DEPTH: -1.0
  MOM_lateral_mixing_coeffs VISBECK_MAX_SLOPE: 0.0
  MOM_lateral_mixing_coeffs KD_SMOOTH: 1.0E-06
  MOM_lateral_mixing_coeffs USE_SIMPLER_EADY_GROWTH_RATE: False
  MOM_lateral_mixing_coeffs VARMIX_KTOP: 2
  MOM_lateral_mixing_coeffs VISBECK_L_SCALE: 0.0
  MOM_lateral_mixing_coeffs KH_RES_SCALE_COEF: 1.0
  MOM_lateral_mixing_coeffs KH_RES_FN_POWER: 100
  MOM_lateral_mixing_coeffs VISC_RES_SCALE_COEF: 1.0
  MOM_lateral_mixing_coeffs VISC_RES_FN_POWER: 100
  MOM_lateral_mixing_coeffs INTERPOLATE_RES_FN: False
  MOM_lateral_mixing_coeffs GILL_EQUATORIAL_LD: True
  MOM_lateral_mixing_coeffs DEFAULT_ANSWER_DATE: 20181231
  MOM_lateral_mixing_coeffs REMAPPING_ANSWER_DATE: 20181231
  MOM_lateral_mixing_coeffs INTERNAL_WAVE_SPEED_TOL: 0.001
  MOM_lateral_mixing_coeffs INTERNAL_WAVE_SPEED_MIN: 0.0
  MOM_lateral_mixing_coeffs INTERNAL_WAVE_SPEED_BETTER_EST: False
MOM_wave_speed: unknown
  MOM_lateral_mixing_coeffs USE_QG_LEITH_GM: False
MOM_set_visc: unknown
  MOM_set_visc INPUTDIR: INPUT
  MOM_set_visc DEFAULT_ANSWER_DATE: 20181231
  MOM_set_visc SET_VISC_ANSWER_DATE: 20181231
  MOM_set_visc BOTTOMDRAGLAW: True
  MOM_set_visc DRAG_AS_BODY_FORCE: False
  MOM_set_visc CHANNEL_DRAG: True
  MOM_set_visc LINEAR_DRAG: False
  MOM_set_visc PRANDTL_TURB: 1.25
  MOM_set_visc DEBUG: False
  MOM_set_visc DYNAMIC_VISCOUS_ML: False
  MOM_set_visc OMEGA: 7.2921E-05
  MOM_set_visc HBBL: 10.0
  MOM_set_visc CDRAG: 0.003
  MOM_set_visc BBL_USE_TIDAL_BG: False
  MOM_set_visc DRAG_BG_VEL: 0.1
  MOM_set_visc BBL_USE_EOS: True
  MOM_set_visc BBL_THICK_MIN: 0.1
  MOM_set_visc HTBL_SHELF_MIN: 0.1
  MOM_set_visc HTBL_SHELF: 10.0
  MOM_set_visc KV: 1.0E-04
  MOM_set_visc KV_BBL_MIN: 0.0
  MOM_set_visc KV_TBL_MIN: 0.0
  MOM_set_visc CORRECT_BBL_BOUNDS: False
  MOM_set_visc SMAG_LAP_CONST: 0.15
  MOM_set_visc SMAG_CONST_CHANNEL: 0.15
  MOM_set_visc TRIG_CHANNEL_DRAG_WIDTHS: True
  MOM_set_visc CHANNEL_DRAG_MAX_BBL_THICK: 5.0
MOM_thickness_diffuse: unknown
  MOM_thickness_diffuse THICKNESSDIFFUSE: True
  MOM_thickness_diffuse KHTH: 0.0
  MOM_thickness_diffuse READ_KHTH: False
  MOM_thickness_diffuse KHTH_SLOPE_CFF: 0.0
  MOM_thickness_diffuse KHTH_MIN: 0.0
  MOM_thickness_diffuse KHTH_MAX: 0.0
  MOM_thickness_diffuse KHTH_MAX_CFL: 0.1
  MOM_thickness_diffuse KH_ETA_CONST: 0.0
  MOM_thickness_diffuse KH_ETA_VEL_SCALE: 0.0
  MOM_thickness_diffuse DETANGLE_INTERFACES: False
  MOM_thickness_diffuse KHTH_SLOPE_MAX: 0.01
  MOM_thickness_diffuse KD_SMOOTH: 1.0E-06
  MOM_thickness_diffuse KHTH_USE_FGNV_STREAMFUNCTION: True
  MOM_thickness_diffuse FGNV_FILTER_SCALE: 0.1
  MOM_thickness_diffuse FGNV_C_MIN: 0.0
  MOM_thickness_diffuse FGNV_STRAT_FLOOR: 1.0E-15
  MOM_thickness_diffuse USE_STANLEY_GM: False
  MOM_thickness_diffuse OMEGA: 7.2921E-05
  MOM_thickness_diffuse DEBUG: False
  MOM_thickness_diffuse MEKE_GM_SRC_ALT: False
  MOM_thickness_diffuse MEKE_GEOMETRIC: False
  MOM_thickness_diffuse USE_KH_IN_MEKE: False
  MOM_thickness_diffuse USE_GME: False
  MOM_thickness_diffuse USE_GM_WORK_BUG: True
  MOM_stoch_eos STOCH_EOS: False
  MOM_stoch_eos STANLEY_COEFF: -1.0
MOM_porous_barriers: unknown
  MOM_porous_barriers DEFAULT_ANSWER_DATE: 20181231
  MOM_porous_barriers PORBAR_ANSWER_DATE: 99991231
  MOM_porous_barriers DEBUG: False
  MOM_porous_barriers PORBAR_MASKING_DEPTH: 0.0
  MOM_porous_barriers PORBAR_ETA_INTERP: MAX
MOM_dynamics_split_RK2: unknown
  MOM_dynamics_split_RK2 TIDES: False
  MOM_dynamics_split_RK2 CALCULATE_SAL: False
  MOM_dynamics_split_RK2 BE: 0.6
  MOM_dynamics_split_RK2 BEGW: 0.0
  MOM_dynamics_split_RK2 SPLIT_BOTTOM_STRESS: False
  MOM_dynamics_split_RK2 BT_USE_LAYER_FLUXES: True
  MOM_dynamics_split_RK2 STORE_CORIOLIS_ACCEL: True
  MOM_dynamics_split_RK2 FPMIX: False
  MOM_dynamics_split_RK2 DEBUG: False
  MOM_dynamics_split_RK2 DEBUG_OBC: False
  MOM_dynamics_split_RK2 DEBUG_TRUNCATIONS: False
  MOM_dynamics_split_RK2 VISC_REM_BUG: True
  MOM_dynamics_split_RK2 VISC_REM_TIMESTEP_FIX: False
MOM_continuity_PPM: unknown
  MOM_continuity_PPM MONOTONIC_CONTINUITY: False
  MOM_continuity_PPM SIMPLE_2ND_PPM_CONTINUITY: False
  MOM_continuity_PPM UPWIND_1ST_CONTINUITY: False
  MOM_continuity_PPM ETA_TOLERANCE: 1.0E-06
  MOM_continuity_PPM VELOCITY_TOLERANCE: 3.0E+08
  MOM_continuity_PPM CONT_PPM_AGGRESS_ADJUST: False
  MOM_continuity_PPM CONT_PPM_VOLUME_BASED_CFL: False
  MOM_continuity_PPM CONTINUITY_CFL_LIMIT: 0.5
  MOM_continuity_PPM CONT_PPM_BETTER_ITER: True
  MOM_continuity_PPM CONT_PPM_USE_VISC_REM_MAX: True
  MOM_continuity_PPM CONT_PPM_MARGINAL_FACE_AREAS: True
  MOM_continuity_PPM VISC_REM_CONT_HVEL_FIX: False
MOM_CoriolisAdv: unknown
  MOM_CoriolisAdv NOSLIP: False
  MOM_CoriolisAdv CORIOLIS_EN_DIS: False
  MOM_CoriolisAdv CORIOLIS_SCHEME: SADOURNY75_ENSTRO
  MOM_CoriolisAdv BOUND_CORIOLIS: True
  MOM_CoriolisAdv KE_SCHEME: KE_ARAKAWA
  MOM_CoriolisAdv PV_ADV_SCHEME: PV_ADV_CENTERED
MOM_PressureForce: unknown
  MOM_PressureForce ANALYTIC_FV_PGF: True
MOM_PressureForce_FV: unknown
  MOM_PressureForce_FV RHO_PGF_REF: 1035.0
  MOM_PressureForce_FV TIDES: False
  MOM_PressureForce_FV CALCULATE_SAL: False
  MOM USE_REGRIDDING: True
  MOM_PressureForce_FV MASS_WEIGHT_IN_PRESSURE_GRADIENT: True
  MOM_PressureForce_FV USE_INACCURATE_PGF_RHO_ANOM: False
  MOM_PressureForce_FV RECONSTRUCT_FOR_PRESSURE: True
  MOM_PressureForce_FV PRESSURE_RECONSTRUCTION_SCHEME: 1
  MOM_PressureForce_FV BOUNDARY_EXTRAPOLATION_PRESSURE: True
  MOM_PressureForce_FV USE_STANLEY_PGF: False
  MOM_PressureForce_FV GFS / G_EARTH: 1.0
MOM_Zanna_Bolton: unknown
  MOM_Zanna_Bolton USE_ZB2020: False
MOM_hor_visc: unknown
  MOM_hor_visc DEFAULT_ANSWER_DATE: 20181231
  MOM_hor_visc HOR_VISC_ANSWER_DATE: 20181231
  MOM_hor_visc DEBUG: False
  MOM_hor_visc USE_CONT_THICKNESS: False
  MOM_hor_visc LAPLACIAN: True
  MOM_hor_visc KH: 0.0
  MOM_hor_visc KH_BG_MIN: 0.0
  MOM_hor_visc KH_VEL_SCALE: 0.01
  MOM_hor_visc KH_SIN_LAT: 2000.0
  MOM_hor_visc KH_PWR_OF_SINE: 4.0
  MOM_hor_visc SMAGORINSKY_KH: True
  MOM_hor_visc SMAG_LAP_CONST: 0.15
  MOM_hor_visc LEITH_KH: False
  MOM_hor_visc RES_SCALE_MEKE_VISC: False
  MOM_hor_visc BOUND_KH: True
  MOM_hor_visc BETTER_BOUND_KH: True
  MOM_hor_visc ANISOTROPIC_VISCOSITY: False
  MOM_hor_visc ADD_LES_VISCOSITY: False
  MOM_hor_visc BIHARMONIC: True
  MOM_hor_visc AH: 0.0
  MOM_hor_visc AH_VEL_SCALE: 0.01
  MOM_hor_visc AH_TIME_SCALE: 0.0
  MOM_hor_visc SMAGORINSKY_AH: True
  MOM_hor_visc LEITH_AH: False
  MOM_hor_visc USE_LEITHY: False
  MOM_hor_visc BOUND_AH: True
  MOM_hor_visc BETTER_BOUND_AH: True
  MOM_hor_visc RE_AH: 0.0
  MOM_hor_visc SMAG_BI_CONST: 0.06
  MOM_hor_visc BOUND_CORIOLIS: True
  MOM_hor_visc BOUND_CORIOLIS_BIHARM: True
  MOM_hor_visc MAXVEL: 6.0
  MOM_hor_visc BOUND_CORIOLIS_VEL: 6.0
  MOM_hor_visc USE_LAND_MASK_FOR_HVISC: False
  MOM_hor_visc HORVISC_BOUND_COEF: 0.8
  MOM_hor_visc NOSLIP: False
  MOM_hor_visc USE_KH_BG_2D: False
  MOM_hor_visc USE_GME: False
  MOM_hor_visc DT: 1800.0
MOM_vert_friction: unknown
  MOM_vert_friction DEFAULT_ANSWER_DATE: 20181231
  MOM_vert_friction VERT_FRICTION_ANSWER_DATE: 20181231
  MOM_vert_friction BOTTOMDRAGLAW: True
  MOM_vert_friction DIRECT_STRESS: False
  MOM_vert_friction DYNAMIC_VISCOUS_ML: False
  MOM_vert_friction FIXED_DEPTH_LOTW_ML: False
  MOM_vert_friction LOTW_VISCOUS_ML_FLOOR: False
  MOM_vert_friction VON_KARMAN_CONST: 0.41
  MOM_vert_friction U_TRUNC_FILE: U_velocity_truncations
  MOM_vert_friction V_TRUNC_FILE: V_velocity_truncations
  MOM_vert_friction HARMONIC_VISC: False
  MOM_vert_friction HARMONIC_BL_SCALE: 0.0
  MOM_vert_friction DEBUG: False
  MOM_vert_friction HMIX_FIXED: 0.5
  MOM_vert_friction KV: 1.0E-04
  MOM_vert_friction USE_GL90_IN_SSW: False
  MOM_vert_friction KV_ML_INVZ2: 1.0E-04
  MOM_vert_friction HBBL: 10.0
  MOM_vert_friction MAXVEL: 6.0
  MOM_vert_friction CFL_BASED_TRUNCATIONS: True
  MOM_vert_friction CFL_TRUNCATE: 0.5
  MOM_vert_friction CFL_REPORT: 0.5
  MOM_vert_friction CFL_TRUNCATE_RAMP_TIME: 0.0
  MOM_vert_friction CFL_TRUNCATE_START: 0.0
  MOM_vert_friction STOKES_MIXING_COMBINED: False
  MOM_vert_friction VEL_UNDERFLOW: 0.0
MOM_PointAccel: unknown
  MOM_PointAccel U_TRUNC_FILE: U_velocity_truncations
  MOM_PointAccel V_TRUNC_FILE: V_velocity_truncations
  MOM_PointAccel MAX_TRUNC_FILE_SIZE_PER_PE: 50
  MOM_PointAccel DEBUG_FULL_COLUMN: False
  MOM_PointAccel output_dir/U_TRUNC_FILE: ./U_velocity_truncations
  MOM_PointAccel output_dir/V_TRUNC_FILE: ./V_velocity_truncations
MOM_barotropic: unknown
  MOM_barotropic SPLIT: True
  MOM_barotropic USE_BT_CONT_TYPE: True
  MOM_barotropic INTEGRAL_BT_CONTINUITY: False
  MOM_barotropic BOUND_BT_CORRECTION: True
  MOM_barotropic BT_CONT_CORR_BOUNDS: True
  MOM_barotropic ADJUST_BT_CONT: False
  MOM_barotropic GRADUAL_BT_ICS: False
  MOM_barotropic BT_USE_VISC_REM_U_UH0: False
  MOM_barotropic BT_USE_WIDE_HALOS: True
  MOM_barotropic BTHALO: 0
  MOM_barotropic BT_PROJECT_VELOCITY: True
  MOM_barotropic BT_NONLIN_STRESS: False
  MOM_barotropic DYNAMIC_SURFACE_PRESSURE: True
  MOM_barotropic ICE_LENGTH_DYN_PSURF: 1.0E+04
  MOM_barotropic DEPTH_MIN_DYN_PSURF: 1.0E-06
  MOM_barotropic CONST_DYN_PSURF: 0.9
  MOM_barotropic BT_CORIOLIS_SCALE: 1.0
  MOM_barotropic DEFAULT_ANSWER_DATE: 20181231
  MOM_barotropic BAROTROPIC_ANSWER_DATE: 20181231
  MOM_barotropic VISC_REM_BT_WEIGHT_FIX: False
  MOM_barotropic TIDES: False
  MOM_barotropic CALCULATE_SAL: False
  MOM_barotropic TIDAL_SAL_FLATHER: False
  MOM_barotropic SADOURNY: True
  MOM_barotropic BT_THICK_SCHEME: FROM_BT_CONT
  MOM_barotropic BT_STRONG_DRAG: False
  MOM_barotropic BT_LINEAR_WAVE_DRAG: False
  MOM_barotropic CLIP_BT_VELOCITY: False
  MOM_barotropic MAXCFL_BT_CONT: 0.25
  MOM_barotropic VEL_UNDERFLOW: 0.0
  MOM_barotropic DT_BT_FILTER: -0.25
  MOM_barotropic G_BT_EXTRA: 0.0
  MOM_barotropic SSH_EXTRA: 10.0
  MOM_barotropic DEBUG: False
  MOM_barotropic DEBUG_BT: False
  MOM_barotropic LINEARIZED_BT_CORIOLIS: True
  MOM_barotropic BEBT: 0.2
  MOM_barotropic DTBT: -0.9
  MOM_barotropic BT_USE_OLD_CORIOLIS_BRACKET_BUG: True

MOM_in domain decomposition:     2 X    4
   pe,   is,  ie,  js,  je,    isd, ied, jsd, jed

MOM_in domain decomposition:     2 X    4
   pe,   is,  ie,  js,  je,    isd, ied, jsd, jed
  MOM_barotropic !BT x-halo: 4
  MOM_barotropic !BT y-halo: 4
  MOM_barotropic DTBT as used: 38.30980849116562
  MOM_barotropic estimated maximum DTBT: 42.56645387907291
MOM_mixed_layer_restrat: unknown
  MOM_mixed_layer_restrat MIXEDLAYER_RESTRAT: True
  MOM_mixed_layer_restrat INPUTDIR: INPUT
  MOM_mixed_layer_restrat USE_BODNER23: False
  MOM_mixed_layer_restrat FOX_KEMPER_ML_RESTRAT_COEF: 1.0
  MOM_mixed_layer_restrat USE_STANLEY_ML: False
  MOM_mixed_layer_restrat VON_KARMAN_CONST: 0.41
  MOM_mixed_layer_restrat FOX_KEMPER_ML_RESTRAT_COEF2: 0.0
  MOM_mixed_layer_restrat MLE_FRONT_LENGTH: 200.0
  MOM_mixed_layer_restrat MLE_USE_PBL_MLD: True
  MOM_mixed_layer_restrat MLE_MLD_DECAY_TIME: 2.592E+06
  MOM_mixed_layer_restrat MLE_MLD_DECAY_TIME2: 0.0
  MOM_mixed_layer_restrat MLE_TAIL_DH: 0.0
  MOM_mixed_layer_restrat MLE_MLD_STRETCH: 1.0
  MOM_mixed_layer_restrat KV_RESTRAT: 0.0
  MOM_mixed_layer_restrat OMEGA: 7.2921E-05
  MOM_mixed_layer_restrat RESTRAT_USTAR_MIN: 1.45842E-18
MOM_diagnostics: unknown
  MOM_diagnostics DIAG_EBT_MONO_N2_COLUMN_FRACTION: 0.0
  MOM_diagnostics DIAG_EBT_MONO_N2_DEPTH: -1.0
  MOM_diagnostics INTERNAL_WAVE_SPEED_TOL: 0.001
  MOM_diagnostics INTERNAL_WAVE_SPEED_MIN: 0.0
  MOM_diagnostics INTERNAL_WAVE_SPEED_BETTER_EST: False
  MOM_diagnostics DEFAULT_ANSWER_DATE: 20181231
  MOM_diagnostics REMAPPING_ANSWER_DATE: 20181231
MOM_diabatic_driver: unknown
  MOM_diabatic_driver USE_LEGACY_DIABATIC_DRIVER: True
  MOM_diabatic_driver SPONGE: False
  MOM_diabatic_driver ODA_INCUPD: False
  MOM_diabatic_driver ENABLE_THERMODYNAMICS: True
  MOM_diabatic_driver ENERGETICS_SFC_PBL: True
  MOM_diabatic_driver EPBL_IS_ADDITIVE: False
  MOM_diabatic_driver PRANDTL_EPBL: 1.0
  MOM_diabatic_driver DO_GEOTHERMAL: True
  MOM_diabatic_driver INTERNAL_TIDES: False
  MOM_diabatic_driver MASSLESS_MATCH_TARGETS: True
  MOM_diabatic_driver AGGREGATE_FW_FORCING: True
  MOM_diabatic_driver DEBUG: False
  MOM_diabatic_driver DEBUG_CONSERVATION: False
  MOM_diabatic_driver MIX_BOUNDARY_TRACERS: True
  MOM_diabatic_driver MIX_BOUNDARY_TRACER_ALE: False
  MOM_diabatic_driver KD: 1.5E-05
  MOM_diabatic_driver KD_MIN_TR: 1.5E-06
  MOM_diabatic_driver KD_BBL_TR: 0.0
  MOM_diabatic_driver TRACER_TRIDIAG: False
  MOM_diabatic_driver MINIMUM_FORCING_DEPTH: 0.001
  MOM_diabatic_driver EVAP_CFL_LIMIT: 0.8
  MOM_diabatic_driver MLD_EN_VALS: 3*0.0
  MOM_diabatic_driver DIAG_MLD_DENSITY_DIFF: 0.1
  MOM_diabatic_driver DIAG_DEPTH_SUBML_N2: 50.0
MOM_CVMix_KPP: unknown
  MOM_CVMix_KPP USE_KPP: False
MOM_CVMix_conv: unknown
  MOM_CVMix_conv USE_CVMix_CONVECTION: False
  MOM_entrain_diffusive KD: 1.5E-05
MOM_geothermal: unknown
  MOM_geothermal GEOTHERMAL_SCALE: 1.0
  MOM_geothermal GEOTHERMAL_FILE: geothermal_davies2013_v1.nc
  MOM_geothermal GEOTHERMAL_THICKNESS: 0.1
  MOM_geothermal INPUTDIR: INPUT
  MOM_geothermal INPUTDIR/GEOTHERMAL_FILE: INPUT/geothermal_davies2013_v1.nc
  MOM_geothermal GEOTHERMAL_VARNAME: geothermal_hf
MOM_set_diffusivity: unknown
  MOM_set_diffusivity INPUTDIR: INPUT
  MOM_set_diffusivity FLUX_RI_MAX: 0.2
  MOM_set_diffusivity OMEGA: 7.2921E-05
  MOM_set_diffusivity DEFAULT_ANSWER_DATE: 20181231
  MOM_set_diffusivity SET_DIFF_ANSWER_DATE: 20181231
MOM_tidal_mixing: unknown
  MOM_tidal_mixing USE_CVMix_TIDAL: False
  MOM_tidal_mixing INT_TIDE_DISSIPATION: True
  MOM_tidal_mixing DEFAULT_ANSWER_DATE: 20181231
  MOM_tidal_mixing TIDAL_MIXING_ANSWER_DATE: 20181231
  MOM_tidal_mixing REMAPPING_ANSWER_DATE: 20181231
  MOM_tidal_mixing INT_TIDE_PROFILE: POLZIN_09
  MOM_tidal_mixing LEE_WAVE_DISSIPATION: False
  MOM_tidal_mixing INT_TIDE_LOWMODE_DISSIPATION: False
  MOM_tidal_mixing NU_POLZIN: 0.0697
  MOM_tidal_mixing NBOTREF_POLZIN: 9.61E-04
  MOM_tidal_mixing POLZIN_DECAY_SCALE_FACTOR: 1.0
  MOM_tidal_mixing POLZIN_SCALE_MAX_FACTOR: 1.0
  MOM_tidal_mixing POLZIN_MIN_DECAY_SCALE: 0.0
  MOM_tidal_mixing INT_TIDE_DECAY_SCALE: 300.3003003003003
  MOM_tidal_mixing MU_ITIDES: 0.2
  MOM_tidal_mixing GAMMA_ITIDES: 0.3333
  MOM_tidal_mixing MIN_ZBOT_ITIDES: 0.0
  MOM_tidal_mixing KAPPA_ITIDES: 6.28319E-04
  MOM_tidal_mixing UTIDE: 0.0
  MOM_tidal_mixing KAPPA_H2_FACTOR: 0.84
  MOM_tidal_mixing TKE_ITIDE_MAX: 0.1
  MOM_tidal_mixing READ_TIDEAMP: True
  MOM_tidal_mixing TIDEAMP_FILE: tidal_amplitude.nc
  MOM_tidal_mixing INPUTDIR/TIDEAMP_FILE: INPUT/tidal_amplitude.nc
  MOM_tidal_mixing TIDEAMP_VARNAME: tideamp
  MOM_tidal_mixing H2_FILE: ocean_topog.nc
  MOM_tidal_mixing INPUTDIR/H2_FILE: INPUT/ocean_topog.nc
  MOM_tidal_mixing ROUGHNESS_VARNAME: h2
  MOM_tidal_mixing FRACTIONAL_ROUGHNESS_MAX: 0.1
  MOM_set_diffusivity ML_RADIATION: False
  MOM_set_diffusivity BOTTOMDRAGLAW: True
  MOM_set_diffusivity CDRAG: 0.003
  MOM_set_diffusivity BBL_EFFIC: 0.2
  MOM_set_diffusivity BBL_MIXING_MAX_DECAY: 200.0
  MOM_set_diffusivity BBL_MIXING_AS_MAX: False
  MOM_set_diffusivity USE_LOTW_BBL_DIFFUSIVITY: True
  MOM_set_diffusivity LOTW_BBL_USE_OMEGA: True
  MOM_set_diffusivity VON_KARMAN_CONST: 0.41
  MOM_set_diffusivity VON_KARMAN_BBL: 0.41
  MOM_set_diffusivity DZ_BBL_AVG_MIN: 0.0
  MOM_set_diffusivity SIMPLE_TKE_TO_KD: True
MOM_bkgnd_mixing: unknown
  MOM_bkgnd_mixing KD: 1.5E-05
  MOM_bkgnd_mixing KV: 1.0E-04
  MOM_bkgnd_mixing KD_MIN: 2.0E-06
  MOM_bkgnd_mixing BRYAN_LEWIS_DIFFUSIVITY: False
  MOM_bkgnd_mixing HORIZ_VARYING_BACKGROUND: False
  MOM_bkgnd_mixing PRANDTL_BKGND: 1.0
  MOM_bkgnd_mixing HENYEY_IGW_BACKGROUND: True
  MOM_bkgnd_mixing HENYEY_N0_2OMEGA: 20.0
  MOM_bkgnd_mixing OMEGA: 7.2921E-05
  MOM_bkgnd_mixing HENYEY_MAX_LAT: 95.0
  MOM_bkgnd_mixing KD_TANH_LAT_FN: False
  MOM_set_diffusivity KV: 1.0E-04
  MOM_set_diffusivity KD: 1.5E-05
  MOM_set_diffusivity KD_MIN: 2.0E-06
  MOM_set_diffusivity KD_MAX: 0.1
  MOM_set_diffusivity KD_ADD: 0.0
  MOM_set_diffusivity KD_SMOOTH: 1.0E-06
  MOM_set_diffusivity DEBUG: False
  MOM_set_diffusivity USER_CHANGE_DIFFUSIVITY: False
  MOM_set_diffusivity DISSIPATION_MIN: 0.0
  MOM_set_diffusivity DISSIPATION_N0: 0.0
  MOM_set_diffusivity DISSIPATION_N1: 0.0
  MOM_set_diffusivity DISSIPATION_KD_MIN: 0.0
  MOM_set_diffusivity DOUBLE_DIFFUSION: False
MOM_kappa_shear: unknown
  MOM_kappa_shear USE_JACKSON_PARAM: True
  MOM_kappa_shear VERTEX_SHEAR: False
  MOM_kappa_shear RINO_CRIT: 0.25
  MOM_kappa_shear SHEARMIX_RATE: 0.089
  MOM_kappa_shear MAX_RINO_IT: 25
  MOM_kappa_shear KD_KAPPA_SHEAR_0: 1.5E-05
  MOM_kappa_shear KD_SEED_KAPPA_SHEAR: 1.0
  MOM_kappa_shear KD_TRUNC_KAPPA_SHEAR: 1.5E-07
  MOM_kappa_shear FRI_CURVATURE: -0.97
  MOM_kappa_shear TKE_N_DECAY_CONST: 0.24
  MOM_kappa_shear TKE_SHEAR_DECAY_CONST: 0.14
  MOM_kappa_shear KAPPA_BUOY_SCALE_COEF: 0.82
  MOM_kappa_shear KAPPA_N_OVER_S_SCALE_COEF2: 0.0
  MOM_kappa_shear LZ_RESCALE: 1.0
  MOM_kappa_shear KAPPA_SHEAR_TOL_ERR: 0.1
  MOM_kappa_shear TKE_BACKGROUND: 0.0
  MOM_kappa_shear KAPPA_SHEAR_ELIM_MASSLESS: True
  MOM_kappa_shear MAX_KAPPA_SHEAR_IT: 13
  MOM_kappa_shear VEL_UNDERFLOW: 0.0
  MOM_kappa_shear KAPPA_SHEAR_MAX_KAP_SRC_CHG: 10.0
  MOM_kappa_shear DEBUG: False
  MOM_kappa_shear KAPPA_SHEAR_ITER_BUG: True
  MOM_kappa_shear KAPPA_SHEAR_ALL_LAYER_TKE_BUG: True
  MOM_kappa_shear USE_RESTRICTIVE_TOLERANCE_CHECK: False
MOM_CVMix_shear: unknown
  MOM_CVMix_shear USE_LMD94: False
  MOM_CVMix_shear USE_PP81: False
MOM_CVMix_ddiff: unknown
  MOM_CVMix_ddiff USE_CVMIX_DDIFF: False
MOM_diabatic_aux: unknown
  MOM_diabatic_aux ENABLE_THERMODYNAMICS: True
  MOM_diabatic_aux RECLAIM_FRAZIL: True
  MOM_diabatic_aux SALT_EXTRACTION_LIMIT: 0.9999
  MOM_diabatic_aux PRESSURE_DEPENDENT_FRAZIL: True
  MOM_diabatic_aux IGNORE_FLUXES_OVER_LAND: False
  MOM_diabatic_aux DO_RIVERMIX: False
  MOM_diabatic_aux USE_RIVER_HEAT_CONTENT: False
  MOM_diabatic_aux USE_CALVING_HEAT_CONTENT: False
  MOM_diabatic_aux DO_BRINE_PLUME: False
  MOM_diabatic_aux VAR_PEN_SW: True
  MOM_diabatic_aux CHL_FROM_FILE: True
  MOM_diabatic_aux INPUTDIR: INPUT
  MOM_diabatic_aux CHL_FILE: seawifs-clim-1997-2010.720x576.v20180328.nc
  MOM_diabatic_aux INPUTDIR/CHL_FILE: INPUT/seawifs-clim-1997-2010.720x576.v20180328.nc
  MOM_diabatic_aux CHL_VARNAME: chlor_a

================================================================================
GET_CAL_TIME_MOD
unknown
&GET_CAL_TIME_NML
 ALLOW_CALENDAR_CONVERSION=T,
 /
MOM_energetic_PBL: unknown
  MOM_energetic_PBL OMEGA: 7.2921E-05
  MOM_energetic_PBL ML_OMEGA_FRAC: 0.001
  MOM_energetic_PBL EKMAN_SCALE_COEF: 1.0
  MOM_energetic_PBL VON_KARMAN_CONST: 0.41
  MOM_energetic_PBL DEFAULT_ANSWER_DATE: 20181231
  MOM_energetic_PBL EPBL_ANSWER_DATE: 20181231
  MOM_energetic_PBL EPBL_ORIGINAL_PE_CALC: True
  MOM_energetic_PBL MKE_TO_TKE_EFFIC: 0.0
  MOM_energetic_PBL TKE_DECAY: 0.01
  MOM_energetic_PBL MSTAR_MODE: -1
  MOM_energetic_PBL EPBL_MSTAR_SCHEME: OM4
  MOM_energetic_PBL MSTAR_CAP: 10.0
  MOM_energetic_PBL MSTAR2_COEF1: 0.29
  MOM_energetic_PBL MSTAR2_COEF2: 0.152
  MOM_energetic_PBL NSTAR: 0.06
  MOM_energetic_PBL MSTAR_CONV_ADJ: 0.667
  MOM_energetic_PBL USE_MLD_ITERATION: True
  MOM_energetic_PBL EPBL_TRANSITION_SCALE: 0.01
  MOM_energetic_PBL MLD_ITERATION_GUESS: False
  MOM_energetic_PBL EPBL_MLD_TOLERANCE: 1.0
  MOM_energetic_PBL EPBL_MLD_BISECTION: True
  MOM_energetic_PBL EPBL_MLD_MAX_ITS: 20
  MOM_energetic_PBL EPBL_MIN_MIX_LEN: 0.0
  MOM_energetic_PBL MIX_LEN_EXPONENT: 1.0
  MOM_energetic_PBL EPBL_VEL_SCALE_MODE: -1
  MOM_energetic_PBL EPBL_VEL_SCALE_SCHEME: CUBE_ROOT_TKE
  MOM_energetic_PBL WSTAR_USTAR_COEF: 1.0
  MOM_energetic_PBL EPBL_VEL_SCALE_FACTOR: 1.0
  MOM_energetic_PBL VSTAR_SURF_FAC: 1.2
  MOM_energetic_PBL USE_LA_LI2016: True
  MOM_energetic_PBL LT_ENHANCE: -1
  MOM_energetic_PBL EPBL_LANGMUIR_SCHEME: ADDITIVE
  MOM_energetic_PBL LT_ENHANCE_COEF: 0.044
  MOM_energetic_PBL LT_ENHANCE_EXP: -1.5
  MOM_energetic_PBL LT_MOD_LAC1: 0.0
  MOM_energetic_PBL LT_MOD_LAC2: 0.0
  MOM_energetic_PBL LT_MOD_LAC3: 0.0
  MOM_energetic_PBL LT_MOD_LAC4: 0.0
  MOM_energetic_PBL LT_MOD_LAC5: 0.22
  MOM_energetic_PBL !EPBL_USTAR_MIN: 1.45842E-18
  MOM_energetic_PBL ENABLE_THERMODYNAMICS: True
MOM_regularize_layers: unknown
  MOM_regularize_layers REGULARIZE_SURFACE_LAYERS: False
  MOM_regularize_layers DEBUG: False
  MOM_diabatic_driver PEN_SW_NBANDS: 3
MOM_opacity: unknown
  MOM_opacity VAR_PEN_SW: True
  MOM_opacity OPACITY_SCHEME: MANIZZA_05
  MOM_opacity BLUE_FRAC_SW: 0.5
  MOM_opacity PEN_SW_NBANDS: 3
  MOM_opacity DEFAULT_ANSWER_DATE: 20181231
  MOM_opacity OPTICS_ANSWER_DATE: 20181231
  MOM_opacity PEN_SW_FLUX_ABSORB: 2.5E-11
  MOM_opacity PEN_SW_ABSORB_MINTHICK: 0.001
  MOM_opacity OPACITY_LAND_VALUE: 10.0
MOM_tracer_advect: unknown
  MOM_tracer_advect DT: 1800.0
  MOM_tracer_advect DEBUG: False
  MOM_tracer_advect TRACER_ADVECTION_SCHEME: PPM:H3
MOM_tracer_hor_diff: unknown
  MOM_tracer_hor_diff KHTR: 50.0
  MOM_tracer_hor_diff KHTR_USE_EBT_STRUCT: False
  MOM_tracer_hor_diff KHTR_SLOPE_CFF: 0.25
  MOM_tracer_hor_diff KHTR_MIN: 0.0
  MOM_tracer_hor_diff KHTR_MAX: 0.0
  MOM_tracer_hor_diff KHTR_PASSIVITY_COEFF: 0.0
  MOM_tracer_hor_diff KHTR_PASSIVITY_MIN: 0.5
  MOM_tracer_hor_diff DIFFUSE_ML_TO_INTERIOR: False
  MOM_tracer_hor_diff CHECK_DIFFUSIVE_CFL: True
  MOM_tracer_hor_diff MAX_TR_DIFFUSION_CFL: 2.0
  MOM_tracer_hor_diff RECALC_NEUTRAL_SURF: False
MOM_neutral_diffusion: unknown
  MOM_neutral_diffusion USE_NEUTRAL_DIFFUSION: True
  MOM_neutral_diffusion NDIFF_CONTINUOUS: True
  MOM_neutral_diffusion NDIFF_REF_PRES: -1.0
  MOM_neutral_diffusion NDIFF_INTERIOR_ONLY: False
  MOM_neutral_diffusion NDIFF_USE_UNMASKED_TRANSPORT_BUG: False
  MOM_neutral_diffusion DEFAULT_ANSWER_DATE: 20181231
  MOM_neutral_diffusion NDIFF_ANSWER_DATE: 20240101
MOM_hor_bnd_diffusion: unknown
  MOM_hor_bnd_diffusion USE_HORIZONTAL_BOUNDARY_DIFFUSION: False
  MOM_tracer_hor_diff DEBUG: False
MOM_obsolete_diagnostics: unknown
  MOM_obsolete_diagnostics OBSOLETE_DIAGNOSTIC_IS_FATAL: True
MOM_sum_output: unknown
  MOM_sum_output CALCULATE_APE: True
  MOM_sum_output WRITE_STOCKS: True
  MOM_sum_output ENABLE_THERMODYNAMICS: True
  MOM_sum_output DT: 1800.0
  MOM_sum_output MAXTRUNC: 100000
  MOM_sum_output MAX_ENERGY: 0.0
  MOM_sum_output MAXVEL: 6.0
  MOM_sum_output MAX_ENERGY as used: 360.0
  MOM_sum_output ENERGYFILE: ocean.stats
  MOM_sum_output output_path/ENERGYFILE: ./ocean.stats
  MOM_sum_output DATE_STAMPED_STDOUT: True
  MOM_sum_output TIMEUNIT: 8.64E+04
  MOM_sum_output READ_DEPTH_LIST: False
  MOM_sum_output DEPTH_LIST_MIN_INC: 1.0E-10
  MOM_sum_output ENERGYSAVEDAYS (Time): 30:0
  MOM_sum_output ENERGYSAVEDAYS_GEOMETRIC (Time): 0:21600
ocean_stochastics_init: unknown
  ocean_stochastics_init DO_SPPT: False
  ocean_stochastics_init PERT_EPBL: False
ocean_model_init: unknown
  ocean_model_init SINGLE_STEPPING_CALL: True
  ocean_model_init DT: 1800.0
  ocean_model_init DT_THERM: 7200.0
  MOM THERMO_SPANS_COUPLING: True
  ocean_model_init DIABATIC_FIRST: False
  ocean_model_init RESTART_CONTROL: 1
  ocean_model_init OCEAN_SURFACE_STAGGER: C
  ocean_model_init RHO_0: 1035.0
  ocean_model_init G_EARTH: 9.8
  ocean_model_init ICE_SHELF: False
  ocean_model_init ICEBERGS_APPLY_RIGID_BOUNDARY: False

================================================================================
unknown
MOM_surface_forcing: unknown
  MOM_surface_forcing INPUTDIR: INPUT
  MOM_surface_forcing ENABLE_THERMODYNAMICS: True
  MOM_surface_forcing RHO_0: 1035.0
  MOM_surface_forcing LATENT_HEAT_FUSION: 3.34E+05
  MOM_surface_forcing LATENT_HEAT_VAPORIZATION: 2.5E+06
  MOM_surface_forcing MAX_P_SURF: 0.0
  MOM_surface_forcing RESTORE_SALINITY: True
  MOM_surface_forcing RESTORE_TEMPERATURE: False
  MOM_surface_forcing ADJUST_NET_SRESTORE_TO_ZERO: True
  MOM_surface_forcing ADJUST_NET_SRESTORE_BY_SCALING: False
  MOM_surface_forcing ADJUST_NET_FRESH_WATER_TO_ZERO: True
  MOM_surface_forcing USE_NET_FW_ADJUSTMENT_SIGN_BUG: False
  MOM_surface_forcing ADJUST_NET_FRESH_WATER_BY_SCALING: False
  MOM_surface_forcing ICE_SALT_CONCENTRATION: 0.005
  MOM_surface_forcing USE_LIMITED_PATM_SSH: True
  MOM_surface_forcing APPROX_NET_MASS_SRC: False
  MOM_surface_forcing WIND_STAGGER: C
  MOM_surface_forcing WIND_STRESS_MULTIPLIER: 1.0
  MOM_surface_forcing FLUXCONST: 0.1667
  MOM_surface_forcing FLUXCONST_SALT: 0.1667
  MOM_surface_forcing SALT_RESTORE_FILE: salt_restore_PHC2.720x576.v20180405.nc
  MOM_surface_forcing SALT_RESTORE_VARIABLE: salt
  MOM_surface_forcing SRESTORE_AS_SFLUX: True
  MOM_surface_forcing MAX_DELTA_SRESTORE: 5.0
  MOM_surface_forcing MASK_SRESTORE_UNDER_ICE: False
  MOM_surface_forcing MASK_SRESTORE_MARGINAL_SEAS: False
  MOM_surface_forcing BASIN_FILE: basin.nc
  MOM_surface_forcing MASK_SRESTORE: False
  MOM_surface_forcing RESTORE_FLUX_RHO: 1035.0
  MOM_surface_forcing CD_TIDES: 0.0018
  MOM_surface_forcing READ_TIDEAMP: True
  MOM_surface_forcing TIDEAMP_FILE: tidal_amplitude.nc
  MOM_surface_forcing TKE_TIDAL_RHO: 1035.0
  MOM_surface_forcing READ_GUST_2D: False
  MOM_surface_forcing GUST_CONST: 0.0
  MOM_surface_forcing DEFAULT_ANSWER_DATE: 20181231
  MOM_surface_forcing SURFACE_FORCING_ANSWER_DATE: 20181231
  MOM_surface_forcing USTAR_GUSTLESS_BUG: True
  MOM_surface_forcing USE_RIGID_SEA_ICE: True
  MOM_surface_forcing G_EARTH: 9.8
  MOM_surface_forcing SEA_ICE_MEAN_DENSITY: 900.0
  MOM_surface_forcing SEA_ICE_VISCOSITY: 1.0E+09
  MOM_surface_forcing SEA_ICE_RIGID_MASS: 100.0
  MOM_surface_forcing ALLOW_ICEBERG_FLUX_DIAGNOSTICS: False
  MOM_surface_forcing ALLOW_FLUX_ADJUSTMENTS: False
  MOM_surface_forcing CHECK_NO_LAND_FLUXES: False
&DATA_OVERRIDE_NML
 DEBUG_DATA_OVERRIDE=F,
 GRID_CENTER_BUG=F,
 /
MOM_restart: unknown
  MOM_restart PARALLEL_RESTARTFILES: True
  MOM_restart RESTARTFILE from argument: MOM_forcing.res
  MOM_restart MAX_FIELDS: 100
  MOM_restart RESTART_CHECKSUMS_REQUIRED: True
user_revise_forcing: unknown
  ocean_model_init USE_WAVES: False
  MOM_wave_interface USE_WAVES: False
MOM_wave_interface: unknown
  MOM_wave_interface DEFAULT_ANSWER_DATE: 20181231
  MOM_wave_interface WAVE_INTERFACE_ANSWER_DATE: 20221231
  MOM_wave_interface LA_DEPTH_RATIO: 0.04
  MOM_wave_interface LA_DEPTH_MIN: 0.1
  MOM_wave_interface VISCOSITY_AIR: 1.0E-06
  MOM_wave_interface VON_KARMAN_WAVES: 0.4
  MOM_wave_interface RHO_AIR: 1.225
  MOM_wave_interface RHO_SFC_WAVES: 1035.0
  MOM_wave_interface WAVE_HEIGHT_SCALE_FACTOR: 0.0246
  MOM_wave_interface CHARNOCK_MIN: 0.028
  MOM_wave_interface CHARNOCK_SLOPE_U10: 0.0017
  MOM_wave_interface CHARNOCK_0_WIND_INTERCEPT: -0.005

MOM_in domain decomposition:     2 X    4
   pe,   is,  ie,  js,  je,    isd, ied, jsd, jed
MOM_file_parser: unknown
  MOM_file_parser SEND_LOG_TO_STDOUT: False
  MOM_file_parser REPORT_UNUSED_PARAMS: True
  MOM_file_parser FATAL_UNUSED_PARAMS: False
  MOM_file_parser DOCUMENT_FILE: MOM_parameter_doc
  MOM_file_parser COMPLETE_DOCUMENTATION: True
  MOM_file_parser MINIMAL_DOCUMENTATION: True
&DATA_OVERRIDE_NML
 DEBUG_DATA_OVERRIDE=F,
 GRID_CENTER_BUG=F,
 /

================================================================================
SAT_VAPOR_PRES_MOD
unknown
&SAT_VAPOR_PRES_NML
 SHOW_BAD_VALUE_COUNT_BY_SLICE=T,
 SHOW_ALL_BAD_VALUES=F,
 USE_EXACT_QS=F,
 DO_SIMPLE=F,
 CONSTRUCT_TABLE_WRT_LIQ=T,
 CONSTRUCT_TABLE_WRT_LIQ_AND_ICE=T,
 /

================================================================================
$Id$
$Name$
&FLUX_EXCHANGE_NML
 Z_REF_HEAT=  2.0000000000000000     ,
 Z_REF_MOM=  10.000000000000000     ,
 EX_U_STAR_SMOOTH_BUG=F,
 SW1WAY_BUG=F,
 DO_AREA_WEIGHTED_FLUX=F,
 DEBUG_STOCKS=F,
 DIVERT_STOCKS_REPORT=T,
 DO_RUNOFF=T,
 DO_FORECAST=F,
 NBLOCKS=1          ,
 PARTITION_FPREC_FROM_LPREC=F,
 SCALE_PRECIP_2D=F,
 /
 ==>Note from flux_exchange_mod(flux_exchange_init): Number of exchanged tracers =            1
 Tracer field name :sphum

================================================================================
XGRID_MOD
unknown
&XGRID_NML
 MAKE_EXCHANGE_REPRODUCE=F,
 INTERP_METHOD="second_order                                                    ",
 DEBUG_STOCKS=F,
 XGRID_LOG=F,
 XGRID_CLOCKS_ON=F,
 MONOTONIC_EXCHANGE=F,
 NSUBSET=0          ,
 DO_ALLTOALL=T,
 DO_ALLTOALLV=F,
 /

================================================================================
$Id$
$Name$
&SURFACE_FLUX_NML
 NO_NEG_Q=F,
 USE_VIRTUAL_TEMP=T,
 ALT_GUSTINESS=F,
 GUST_CONST=  1.0000000000000000     ,
 GUST_MIN=  0.0000000000000000     ,
 OLD_DTAUDV=F,
 USE_MIXING_RATIO=F,
 NCAR_OCEAN_FLUX=T,
 NCAR_OCEAN_FLUX_ORIG=F,
 RAOULT_SAT_VAP=T,
 DO_SIMPLE=F,
 /

================================================================================
MONIN_OBUKOV_MOD
unknown
&MONIN_OBUKHOV_NML
 RICH_CRIT=  2.0000000000000000     ,
 NEUTRAL=T,
 DRAG_MIN_HEAT=  1.0000000000000001E-005,
 DRAG_MIN_MOIST=  1.0000000000000001E-005,
 DRAG_MIN_MOM=  1.0000000000000001E-005,
 STABLE_OPTION=1          ,
 ZETA_TRANS= 0.50000000000000000     ,
 NEW_MO_OPTION=F,
 /

================================================================================
STOCK_CONSTANTS_MOD
unknown

================================================================================
$Id$
$Name$
&OCEAN_ALBEDO_NML
 OCEAN_ALBEDO_OPTION=2          ,
 CONST_ALB= 0.10000000000000001     ,
 /

================================================================================
$Id$
$Name$
